TN:
SF:src/WikiEngine.js
FN:13,(anonymous_0)
FN:23,(anonymous_1)
FN:77,(anonymous_2)
FN:173,(anonymous_3)
FN:185,(anonymous_4)
FN:195,(anonymous_5)
FN:208,(anonymous_6)
FN:219,(anonymous_7)
FN:227,(anonymous_8)
FNF:9
FNH:0
FNDA:0,(anonymous_0)
FNDA:0,(anonymous_1)
FNDA:0,(anonymous_2)
FNDA:0,(anonymous_3)
FNDA:0,(anonymous_4)
FNDA:0,(anonymous_5)
FNDA:0,(anonymous_6)
FNDA:0,(anonymous_7)
FNDA:0,(anonymous_8)
DA:1,0
DA:2,0
DA:5,0
DA:6,0
DA:14,0
DA:15,0
DA:16,0
DA:24,0
DA:27,0
DA:28,0
DA:29,0
DA:31,0
DA:32,0
DA:36,0
DA:37,0
DA:39,0
DA:42,0
DA:43,0
DA:44,0
DA:46,0
DA:49,0
DA:52,0
DA:53,0
DA:57,0
DA:60,0
DA:61,0
DA:62,0
DA:64,0
DA:67,0
DA:69,0
DA:71,0
DA:78,0
DA:81,0
DA:82,0
DA:83,0
DA:84,0
DA:85,0
DA:86,0
DA:87,0
DA:88,0
DA:89,0
DA:90,0
DA:91,0
DA:93,0
DA:94,0
DA:95,0
DA:97,0
DA:98,0
DA:100,0
DA:101,0
DA:103,0
DA:104,0
DA:106,0
DA:107,0
DA:109,0
DA:110,0
DA:112,0
DA:113,0
DA:115,0
DA:116,0
DA:118,0
DA:119,0
DA:121,0
DA:122,0
DA:124,0
DA:125,0
DA:128,0
DA:129,0
DA:131,0
DA:132,0
DA:134,0
DA:135,0
DA:137,0
DA:138,0
DA:140,0
DA:141,0
DA:143,0
DA:144,0
DA:146,0
DA:147,0
DA:149,0
DA:150,0
DA:152,0
DA:153,0
DA:155,0
DA:156,0
DA:158,0
DA:159,0
DA:161,0
DA:163,0
DA:164,0
DA:174,0
DA:175,0
DA:176,0
DA:177,0
DA:186,0
DA:187,0
DA:188,0
DA:197,0
DA:198,0
DA:199,0
DA:201,0
DA:209,0
DA:210,0
DA:212,0
DA:220,0
DA:228,0
DA:232,0
LF:108
LH:0
BRDA:23,0,0,0
BRDA:27,1,0,0
BRDA:27,1,1,0
BRDA:36,2,0,0
BRDA:36,2,1,0
BRDA:36,3,0,0
BRDA:36,3,1,0
BRDA:43,4,0,0
BRDA:43,4,1,0
BRDA:52,5,0,0
BRDA:52,5,1,0
BRDA:60,6,0,0
BRDA:60,6,1,0
BRDA:60,7,0,0
BRDA:60,7,1,0
BRDA:185,8,0,0
BRDA:197,9,0,0
BRDA:197,9,1,0
BRDA:197,10,0,0
BRDA:197,10,1,0
BRDA:209,11,0,0
BRDA:209,11,1,0
BRDA:209,12,0,0
BRDA:209,12,1,0
BRF:24
BRH:0
end_of_record
TN:
SF:src/core/Engine.js
FN:8,(anonymous_0)
FN:18,(anonymous_1)
FN:38,(anonymous_2)
FN:48,(anonymous_3)
FN:57,(anonymous_4)
FN:67,(anonymous_5)
FN:75,(anonymous_6)
FN:83,(anonymous_7)
FN:91,(anonymous_8)
FN:99,(anonymous_9)
FN:106,(anonymous_10)
FNF:11
FNH:0
FNDA:0,(anonymous_0)
FNDA:0,(anonymous_1)
FNDA:0,(anonymous_2)
FNDA:0,(anonymous_3)
FNDA:0,(anonymous_4)
FNDA:0,(anonymous_5)
FNDA:0,(anonymous_6)
FNDA:0,(anonymous_7)
FNDA:0,(anonymous_8)
FNDA:0,(anonymous_9)
FNDA:0,(anonymous_10)
DA:9,0
DA:10,0
DA:11,0
DA:19,0
DA:20,0
DA:24,0
DA:25,0
DA:27,0
DA:30,0
DA:32,0
DA:40,0
DA:49,0
DA:58,0
DA:68,0
DA:76,0
DA:84,0
DA:92,0
DA:100,0
DA:108,0
DA:109,0
DA:110,0
DA:113,0
DA:117,0
LF:23
LH:0
BRDA:18,0,0,0
BRDA:19,1,0,0
BRDA:19,1,1,0
BRDA:24,2,0,0
BRDA:24,2,1,0
BRDA:67,3,0,0
BRDA:68,4,0,0
BRDA:68,4,1,0
BRDA:109,5,0,0
BRDA:109,5,1,0
BRF:10
BRH:0
end_of_record
TN:
SF:src/managers/ACLManager.js
FN:12,(anonymous_0)
FN:19,(anonymous_1)
FN:36,(anonymous_2)
FN:53,(anonymous_3)
FN:77,(anonymous_4)
FN:97,(anonymous_5)
FN:98,(anonymous_6)
FN:108,(anonymous_7)
FN:121,(anonymous_8)
FN:177,(anonymous_9)
FN:222,(anonymous_10)
FN:249,(anonymous_11)
FN:278,(anonymous_12)
FN:286,(anonymous_13)
FN:306,(anonymous_14)
FN:358,(anonymous_15)
FN:390,(anonymous_16)
FN:406,(anonymous_17)
FN:417,(anonymous_18)
FN:441,(anonymous_19)
FN:480,(anonymous_20)
FN:537,(anonymous_21)
FN:553,(anonymous_22)
FN:576,(anonymous_23)
FN:581,(anonymous_24)
FN:584,(anonymous_25)
FN:587,(anonymous_26)
FN:590,(anonymous_27)
FN:595,(anonymous_28)
FN:603,(anonymous_29)
FN:611,(anonymous_30)
FN:614,(anonymous_31)
FN:617,(anonymous_32)
FN:618,(anonymous_33)
FN:621,(anonymous_34)
FN:624,(anonymous_35)
FN:638,(anonymous_36)
FN:655,(anonymous_37)
FNF:38
FNH:0
FNDA:0,(anonymous_0)
FNDA:0,(anonymous_1)
FNDA:0,(anonymous_2)
FNDA:0,(anonymous_3)
FNDA:0,(anonymous_4)
FNDA:0,(anonymous_5)
FNDA:0,(anonymous_6)
FNDA:0,(anonymous_7)
FNDA:0,(anonymous_8)
FNDA:0,(anonymous_9)
FNDA:0,(anonymous_10)
FNDA:0,(anonymous_11)
FNDA:0,(anonymous_12)
FNDA:0,(anonymous_13)
FNDA:0,(anonymous_14)
FNDA:0,(anonymous_15)
FNDA:0,(anonymous_16)
FNDA:0,(anonymous_17)
FNDA:0,(anonymous_18)
FNDA:0,(anonymous_19)
FNDA:0,(anonymous_20)
FNDA:0,(anonymous_21)
FNDA:0,(anonymous_22)
FNDA:0,(anonymous_23)
FNDA:0,(anonymous_24)
FNDA:0,(anonymous_25)
FNDA:0,(anonymous_26)
FNDA:0,(anonymous_27)
FNDA:0,(anonymous_28)
FNDA:0,(anonymous_29)
FNDA:0,(anonymous_30)
FNDA:0,(anonymous_31)
FNDA:0,(anonymous_32)
FNDA:0,(anonymous_33)
FNDA:0,(anonymous_34)
FNDA:0,(anonymous_35)
FNDA:0,(anonymous_36)
FNDA:0,(anonymous_37)
DA:1,0
DA:2,0
DA:3,0
DA:13,0
DA:14,0
DA:15,0
DA:16,0
DA:20,0
DA:23,0
DA:26,0
DA:27,0
DA:30,0
DA:37,0
DA:39,0
DA:40,0
DA:41,0
DA:42,0
DA:43,0
DA:45,0
DA:54,0
DA:55,0
DA:57,0
DA:58,0
DA:59,0
DA:61,0
DA:62,0
DA:65,0
DA:67,0
DA:78,0
DA:80,0
DA:89,0
DA:92,0
DA:93,0
DA:96,0
DA:97,0
DA:98,0
DA:100,0
DA:101,0
DA:108,0
DA:109,0
DA:122,0
DA:123,0
DA:124,0
DA:126,0
DA:128,0
DA:129,0
DA:130,0
DA:131,0
DA:134,0
DA:135,0
DA:139,0
DA:150,0
DA:153,0
DA:154,0
DA:165,0
DA:178,0
DA:179,0
DA:180,0
DA:184,0
DA:185,0
DA:189,0
DA:192,0
DA:193,0
DA:196,0
DA:197,0
DA:202,0
DA:204,0
DA:206,0
DA:209,0
DA:213,0
DA:223,0
DA:224,0
DA:225,0
DA:226,0
DA:230,0
DA:237,0
DA:238,0
DA:240,0
DA:250,0
DA:251,0
DA:253,0
DA:254,0
DA:258,0
DA:259,0
DA:260,0
DA:264,0
DA:265,0
DA:266,0
DA:269,0
DA:279,0
DA:280,0
DA:284,0
DA:285,0
DA:286,0
DA:288,0
DA:289,0
DA:293,0
DA:307,0
DA:308,0
DA:311,0
DA:312,0
DA:313,0
DA:320,0
DA:325,0
DA:326,0
DA:327,0
DA:330,0
DA:331,0
DA:339,0
DA:340,0
DA:347,0
DA:349,0
DA:350,0
DA:359,0
DA:361,0
DA:362,0
DA:366,0
DA:369,0
DA:370,0
DA:374,0
DA:375,0
DA:376,0
DA:377,0
DA:378,0
DA:380,0
DA:391,0
DA:393,0
DA:398,0
DA:401,0
DA:402,0
DA:406,0
DA:407,0
DA:418,0
DA:419,0
DA:420,0
DA:422,0
DA:423,0
DA:424,0
DA:427,0
DA:429,0
DA:430,0
DA:442,0
DA:443,0
DA:446,0
DA:447,0
DA:451,0
DA:452,0
DA:453,0
DA:456,0
DA:459,0
DA:460,0
DA:462,0
DA:467,0
DA:468,0
DA:469,0
DA:471,0
DA:481,0
DA:482,0
DA:484,0
DA:485,0
DA:488,0
DA:489,0
DA:493,0
DA:494,0
DA:498,0
DA:499,0
DA:503,0
DA:504,0
DA:508,0
DA:510,0
DA:511,0
DA:513,0
DA:517,0
DA:520,0
DA:524,0
DA:525,0
DA:529,0
DA:539,0
DA:540,0
DA:544,0
DA:545,0
DA:554,0
DA:555,0
DA:556,0
DA:559,0
DA:561,0
DA:562,0
DA:563,0
DA:567,0
DA:577,0
DA:580,0
DA:581,0
DA:583,0
DA:584,0
DA:586,0
DA:587,0
DA:589,0
DA:590,0
DA:594,0
DA:595,0
DA:604,0
DA:605,0
DA:606,0
DA:607,0
DA:609,0
DA:612,0
DA:615,0
DA:617,0
DA:619,0
DA:622,0
DA:625,0
DA:629,0
DA:639,0
DA:640,0
DA:642,0
DA:643,0
DA:646,0
DA:648,0
DA:656,0
DA:657,0
DA:659,0
DA:667,0
LF:222
LH:0
BRDA:19,0,0,0
BRDA:26,1,0,0
BRDA:26,1,1,0
BRDA:39,2,0,0
BRDA:39,2,1,0
BRDA:40,3,0,0
BRDA:40,3,1,0
BRDA:55,4,0,0
BRDA:55,4,1,0
BRDA:78,5,0,0
BRDA:78,5,1,0
BRDA:100,6,0,0
BRDA:100,6,1,0
BRDA:109,7,0,0
BRDA:109,7,1,0
BRDA:121,8,0,0
BRDA:129,9,0,0
BRDA:129,9,1,0
BRDA:135,10,0,0
BRDA:135,10,1,0
BRDA:142,11,0,0
BRDA:142,11,1,0
BRDA:157,12,0,0
BRDA:157,12,1,0
BRDA:179,13,0,0
BRDA:179,13,1,0
BRDA:184,14,0,0
BRDA:184,14,1,0
BRDA:184,15,0,0
BRDA:184,15,1,0
BRDA:192,16,0,0
BRDA:192,16,1,0
BRDA:193,17,0,0
BRDA:193,17,1,0
BRDA:196,18,0,0
BRDA:196,18,1,0
BRDA:202,19,0,0
BRDA:202,19,1,0
BRDA:204,20,0,0
BRDA:204,20,1,0
BRDA:224,21,0,0
BRDA:224,21,1,0
BRDA:237,22,0,0
BRDA:237,22,1,0
BRDA:238,23,0,0
BRDA:238,23,1,0
BRDA:253,24,0,0
BRDA:253,24,1,0
BRDA:259,25,0,0
BRDA:259,25,1,0
BRDA:265,26,0,0
BRDA:265,26,1,0
BRDA:278,27,0,0
BRDA:279,28,0,0
BRDA:279,28,1,0
BRDA:284,29,0,0
BRDA:284,29,1,0
BRDA:284,30,0,0
BRDA:284,30,1,0
BRDA:285,31,0,0
BRDA:285,31,1,0
BRDA:288,32,0,0
BRDA:288,32,1,0
BRDA:296,33,0,0
BRDA:296,33,1,0
BRDA:306,34,0,0
BRDA:306,35,0,0
BRDA:307,36,0,0
BRDA:307,36,1,0
BRDA:325,37,0,0
BRDA:325,37,1,0
BRDA:326,38,0,0
BRDA:326,38,1,0
BRDA:327,39,0,0
BRDA:327,39,1,0
BRDA:330,40,0,0
BRDA:330,40,1,0
BRDA:339,41,0,0
BRDA:339,41,1,0
BRDA:339,42,0,0
BRDA:339,42,1,0
BRDA:361,43,0,0
BRDA:361,43,1,0
BRDA:369,44,0,0
BRDA:369,44,1,0
BRDA:374,45,0,0
BRDA:374,45,1,0
BRDA:391,46,0,0
BRDA:391,46,1,0
BRDA:401,47,0,0
BRDA:401,47,1,0
BRDA:401,48,0,0
BRDA:401,48,1,0
BRDA:407,49,0,0
BRDA:407,49,1,0
BRDA:422,50,0,0
BRDA:422,50,1,0
BRDA:422,51,0,0
BRDA:422,51,1,0
BRDA:423,52,0,0
BRDA:423,52,1,0
BRDA:424,53,0,0
BRDA:424,53,1,0
BRDA:446,54,0,0
BRDA:446,54,1,0
BRDA:446,55,0,0
BRDA:446,55,1,0
BRDA:452,56,0,0
BRDA:452,56,1,0
BRDA:460,57,0,0
BRDA:460,57,1,0
BRDA:462,58,0,0
BRDA:462,58,1,0
BRDA:462,59,0,0
BRDA:462,59,1,0
BRDA:469,60,0,0
BRDA:469,60,1,0
BRDA:482,61,0,0
BRDA:482,61,1,0
BRDA:488,62,0,0
BRDA:488,62,1,0
BRDA:493,63,0,0
BRDA:493,63,1,0
BRDA:493,64,0,0
BRDA:493,64,1,0
BRDA:493,64,2,0
BRDA:498,65,0,0
BRDA:498,65,1,0
BRDA:498,66,0,0
BRDA:498,66,1,0
BRDA:498,66,2,0
BRDA:503,67,0,0
BRDA:503,67,1,0
BRDA:503,68,0,0
BRDA:503,68,1,0
BRDA:503,68,2,0
BRDA:508,69,0,0
BRDA:508,69,1,0
BRDA:508,70,0,0
BRDA:508,70,1,0
BRDA:510,71,0,0
BRDA:510,71,1,0
BRDA:510,72,0,0
BRDA:510,72,1,0
BRDA:510,72,2,0
BRDA:517,73,0,0
BRDA:517,73,1,0
BRDA:517,74,0,0
BRDA:517,74,1,0
BRDA:517,74,2,0
BRDA:524,75,0,0
BRDA:524,75,1,0
BRDA:539,76,0,0
BRDA:539,76,1,0
BRDA:539,77,0,0
BRDA:539,77,1,0
BRDA:555,78,0,0
BRDA:555,78,1,0
BRDA:562,79,0,0
BRDA:562,79,1,0
BRDA:576,80,0,0
BRDA:576,81,0,0
BRDA:580,82,0,0
BRDA:580,82,1,0
BRDA:583,83,0,0
BRDA:583,83,1,0
BRDA:586,84,0,0
BRDA:586,84,1,0
BRDA:589,85,0,0
BRDA:589,85,1,0
BRDA:622,86,0,0
BRDA:622,86,1,0
BRDA:625,87,0,0
BRDA:625,87,1,0
BRDA:638,88,0,0
BRDA:638,89,0,0
BRDA:642,90,0,0
BRDA:642,90,1,0
BRDA:648,91,0,0
BRDA:648,91,1,0
BRDA:660,92,0,0
BRDA:660,92,1,0
BRDA:661,93,0,0
BRDA:661,93,1,0
BRDA:662,94,0,0
BRDA:662,94,1,0
BRF:186
BRH:0
end_of_record
TN:
SF:src/managers/AttachmentManager.js
FN:11,(anonymous_0)
FN:19,(anonymous_1)
FN:39,(anonymous_2)
FN:56,(anonymous_3)
FN:72,(anonymous_4)
FN:114,(anonymous_5)
FN:134,(anonymous_6)
FN:143,(anonymous_7)
FN:145,(anonymous_8)
FN:155,(anonymous_9)
FN:171,(anonymous_10)
FN:190,(anonymous_11)
FN:195,(anonymous_12)
FN:203,(anonymous_13)
FN:211,(anonymous_14)
FNF:15
FNH:0
FNDA:0,(anonymous_0)
FNDA:0,(anonymous_1)
FNDA:0,(anonymous_2)
FNDA:0,(anonymous_3)
FNDA:0,(anonymous_4)
FNDA:0,(anonymous_5)
FNDA:0,(anonymous_6)
FNDA:0,(anonymous_7)
FNDA:0,(anonymous_8)
FNDA:0,(anonymous_9)
FNDA:0,(anonymous_10)
FNDA:0,(anonymous_11)
FNDA:0,(anonymous_12)
FNDA:0,(anonymous_13)
FNDA:0,(anonymous_14)
DA:1,0
DA:2,0
DA:3,0
DA:4,0
DA:12,0
DA:13,0
DA:14,0
DA:15,0
DA:16,0
DA:20,0
DA:23,0
DA:24,0
DA:25,0
DA:28,0
DA:31,0
DA:33,0
DA:40,0
DA:41,0
DA:42,0
DA:43,0
DA:45,0
DA:46,0
DA:49,0
DA:57,0
DA:58,0
DA:59,0
DA:60,0
DA:62,0
DA:74,0
DA:77,0
DA:78,0
DA:79,0
DA:80,0
DA:83,0
DA:86,0
DA:98,0
DA:99,0
DA:101,0
DA:104,0
DA:106,0
DA:107,0
DA:115,0
DA:116,0
DA:119,0
DA:120,0
DA:123,0
DA:124,0
DA:125,0
DA:135,0
DA:144,0
DA:145,0
DA:146,0
DA:148,0
DA:156,0
DA:157,0
DA:158,0
DA:162,0
DA:163,0
DA:165,0
DA:169,0
DA:170,0
DA:171,0
DA:172,0
DA:173,0
DA:174,0
DA:175,0
DA:181,0
DA:183,0
DA:191,0
DA:192,0
DA:193,0
DA:195,0
DA:204,0
DA:212,0
DA:213,0
DA:215,0
DA:216,0
DA:218,0
DA:219,0
DA:220,0
DA:221,0
DA:223,0
DA:226,0
DA:230,0
DA:231,0
DA:232,0
DA:237,0
LF:87
LH:0
BRDA:19,0,0,0
BRDA:23,1,0,0
BRDA:23,1,1,0
BRDA:24,2,0,0
BRDA:24,2,1,0
BRDA:25,3,0,0
BRDA:25,3,1,0
BRDA:98,4,0,0
BRDA:98,4,1,0
BRDA:115,5,0,0
BRDA:115,5,1,0
BRDA:119,6,0,0
BRDA:119,6,1,0
BRDA:124,7,0,0
BRDA:124,7,1,0
BRDA:135,8,0,0
BRDA:135,8,1,0
BRDA:146,9,0,0
BRDA:146,9,1,0
BRDA:157,10,0,0
BRDA:157,10,1,0
BRDA:170,11,0,0
BRDA:170,11,1,0
BRDA:172,12,0,0
BRDA:172,12,1,0
BRDA:174,13,0,0
BRDA:174,13,1,0
BRDA:216,14,0,0
BRDA:216,14,1,0
BRDA:230,15,0,0
BRDA:230,15,1,0
BRF:31
BRH:0
end_of_record
TN:
SF:src/managers/BaseManager.js
FN:6,(anonymous_0)
FN:15,(anonymous_1)
FN:24,(anonymous_2)
FN:32,(anonymous_3)
FN:39,(anonymous_4)
FNF:5
FNH:2
FNDA:27,(anonymous_0)
FNDA:27,(anonymous_1)
FNDA:0,(anonymous_2)
FNDA:0,(anonymous_3)
FNDA:0,(anonymous_4)
DA:7,27
DA:8,27
DA:16,27
DA:17,27
DA:25,0
DA:33,0
DA:40,0
DA:44,1
LF:8
LH:5
BRDA:15,0,0,0
BRF:1
BRH:0
end_of_record
TN:
SF:src/managers/ExportManager.js
FN:10,(anonymous_0)
FN:16,(anonymous_1)
FN:32,(anonymous_2)
FN:126,(anonymous_3)
FN:149,(anonymous_4)
FN:260,(anonymous_5)
FN:300,(anonymous_6)
FN:316,(anonymous_7)
FN:334,(anonymous_8)
FN:345,(anonymous_9)
FNF:10
FNH:0
FNDA:0,(anonymous_0)
FNDA:0,(anonymous_1)
FNDA:0,(anonymous_2)
FNDA:0,(anonymous_3)
FNDA:0,(anonymous_4)
FNDA:0,(anonymous_5)
FNDA:0,(anonymous_6)
FNDA:0,(anonymous_7)
FNDA:0,(anonymous_8)
FNDA:0,(anonymous_9)
DA:1,0
DA:2,0
DA:3,0
DA:11,0
DA:12,0
DA:13,0
DA:17,0
DA:19,0
DA:22,0
DA:24,0
DA:33,0
DA:34,0
DA:36,0
DA:37,0
DA:38,0
DA:42,0
DA:45,0
DA:118,0
DA:127,0
DA:128,0
DA:130,0
DA:131,0
DA:133,0
DA:134,0
DA:135,0
DA:136,0
DA:137,0
DA:144,0
DA:149,0
DA:150,0
DA:153,0
DA:252,0
DA:261,0
DA:262,0
DA:264,0
DA:266,0
DA:267,0
DA:268,0
DA:269,0
DA:271,0
DA:272,0
DA:274,0
DA:277,0
DA:278,0
DA:279,0
DA:280,0
DA:281,0
DA:283,0
DA:284,0
DA:285,0
DA:290,0
DA:301,0
DA:302,0
DA:303,0
DA:304,0
DA:306,0
DA:308,0
DA:309,0
DA:317,0
DA:318,0
DA:319,0
DA:321,0
DA:322,0
DA:323,0
DA:325,0
DA:334,0
DA:336,0
DA:337,0
DA:346,0
DA:347,0
DA:348,0
DA:352,0
LF:72
LH:0
BRDA:16,0,0,0
BRDA:19,1,0,0
BRDA:19,1,1,0
BRDA:37,2,0,0
BRDA:37,2,1,0
BRDA:111,3,0,0
BRDA:111,3,1,0
BRDA:112,4,0,0
BRDA:112,4,1,0
BRDA:113,5,0,0
BRDA:113,5,1,0
BRDA:113,6,0,0
BRDA:113,6,1,0
BRDA:135,7,0,0
BRDA:135,7,1,0
BRDA:262,8,0,0
BRDA:262,8,1,0
BRDA:266,9,0,0
BRDA:266,9,1,0
BRDA:279,10,0,0
BRDA:279,10,1,0
BRDA:280,11,0,0
BRDA:280,11,1,0
BRDA:284,12,0,0
BRDA:284,12,1,0
BRF:25
BRH:0
end_of_record
TN:
SF:src/managers/PageManager.js
FN:12,generateSlug
FN:25,(anonymous_1)
FN:36,(anonymous_2)
FN:53,(anonymous_3)
FN:121,(anonymous_4)
FN:144,(anonymous_5)
FN:153,(anonymous_6)
FN:162,(anonymous_7)
FN:215,(anonymous_8)
FN:265,(anonymous_9)
FN:362,(anonymous_10)
FN:395,(anonymous_11)
FN:426,(anonymous_12)
FN:429,(anonymous_13)
FN:430,(anonymous_14)
FN:467,(anonymous_15)
FN:526,(anonymous_16)
FN:545,(anonymous_17)
FN:574,(anonymous_18)
FN:672,(anonymous_19)
FN:702,(anonymous_20)
FN:715,(anonymous_21)
FNF:22
FNH:17
FNDA:8,generateSlug
FNDA:27,(anonymous_1)
FNDA:27,(anonymous_2)
FNDA:82,(anonymous_3)
FNDA:25,(anonymous_4)
FNDA:2,(anonymous_5)
FNDA:6,(anonymous_6)
FNDA:9,(anonymous_7)
FNDA:12,(anonymous_8)
FNDA:9,(anonymous_9)
FNDA:2,(anonymous_10)
FNDA:36,(anonymous_11)
FNDA:1,(anonymous_12)
FNDA:9,(anonymous_13)
FNDA:9,(anonymous_14)
FNDA:36,(anonymous_15)
FNDA:0,(anonymous_16)
FNDA:0,(anonymous_17)
FNDA:0,(anonymous_18)
FNDA:2,(anonymous_19)
FNDA:0,(anonymous_20)
FNDA:0,(anonymous_21)
DA:1,1
DA:2,1
DA:3,1
DA:4,1
DA:5,1
DA:13,8
DA:26,27
DA:27,27
DA:28,27
DA:30,27
DA:31,27
DA:32,27
DA:33,27
DA:37,27
DA:38,27
DA:39,27
DA:40,27
DA:41,27
DA:44,27
DA:47,27
DA:54,82
DA:55,82
DA:56,82
DA:57,82
DA:59,82
DA:64,82
DA:65,164
DA:66,164
DA:68,164
DA:69,97
DA:71,95
DA:72,95
DA:74,95
DA:75,95
DA:76,95
DA:78,95
DA:80,95
DA:86,95
DA:87,95
DA:90,95
DA:91,95
DA:92,0
DA:94,0
DA:95,0
DA:99,0
DA:100,0
DA:107,0
DA:111,0
DA:123,25
DA:124,0
DA:128,25
DA:129,11
DA:133,14
DA:134,0
DA:137,14
DA:145,2
DA:154,6
DA:163,9
DA:164,9
DA:165,3
DA:169,6
DA:170,0
DA:173,6
DA:174,6
DA:175,0
DA:178,6
DA:179,6
DA:180,6
DA:182,6
DA:200,6
DA:202,6
DA:204,0
DA:205,0
DA:217,12
DA:220,12
DA:221,0
DA:225,12
DA:227,12
DA:228,5
DA:229,2
DA:233,10
DA:234,1
DA:237,9
DA:238,0
DA:243,9
DA:244,0
DA:245,0
DA:246,0
DA:247,0
DA:251,0
DA:255,9
DA:266,9
DA:267,9
DA:270,9
DA:271,6
DA:274,9
DA:276,3
DA:277,0
DA:279,3
DA:282,9
DA:283,8
DA:287,9
DA:288,8
DA:290,9
DA:291,7
DA:295,9
DA:298,9
DA:301,8
DA:302,8
DA:303,0
DA:307,8
DA:308,0
DA:312,8
DA:313,8
DA:316,8
DA:319,8
DA:320,8
DA:321,0
DA:322,0
DA:323,0
DA:328,8
DA:329,8
DA:332,8
DA:335,8
DA:336,8
DA:339,8
DA:350,1
DA:363,2
DA:364,2
DA:365,1
DA:368,1
DA:369,1
DA:370,0
DA:373,1
DA:374,1
DA:377,1
DA:380,1
DA:381,1
DA:382,0
DA:385,1
DA:387,0
DA:388,0
DA:396,36
DA:398,36
DA:399,36
DA:401,36
DA:402,17
DA:403,9
DA:404,9
DA:405,9
DA:410,36
DA:412,36
DA:413,18
DA:414,9
DA:415,9
DA:416,9
DA:426,36
DA:429,36
DA:430,36
DA:433,36
DA:434,36
DA:437,36
DA:447,36
DA:450,36
DA:451,36
DA:454,36
DA:457,0
DA:468,36
DA:470,36
DA:483,36
DA:484,7
DA:487,7
DA:488,8
DA:490,7
DA:494,36
DA:495,1
DA:498,1
DA:499,1
DA:502,1
DA:503,1
DA:506,36
DA:519,36
DA:527,0
DA:529,0
DA:530,0
DA:531,0
DA:532,0
DA:536,0
DA:546,0
DA:547,0
DA:548,0
DA:551,0
DA:552,0
DA:561,0
DA:575,0
DA:576,0
DA:577,0
DA:587,0
DA:592,0
DA:593,0
DA:594,0
DA:596,0
DA:597,0
DA:599,0
DA:600,0
DA:602,0
DA:603,0
DA:604,0
DA:607,0
DA:609,0
DA:610,0
DA:611,0
DA:612,0
DA:615,0
DA:616,0
DA:618,0
DA:619,0
DA:626,0
DA:628,0
DA:629,0
DA:631,0
DA:632,0
DA:635,0
DA:638,0
DA:639,0
DA:642,0
DA:644,0
DA:650,0
DA:654,0
DA:658,0
DA:660,0
DA:663,0
DA:673,2
DA:674,2
DA:675,2
DA:676,1
DA:679,1
DA:680,1
DA:681,1
DA:682,1
DA:688,1
DA:690,1
DA:703,0
DA:704,0
DA:705,0
DA:707,0
DA:716,0
DA:717,0
DA:719,0
DA:723,1
LF:250
LH:162
BRDA:36,0,0,0
BRDA:38,1,0,27
BRDA:38,1,1,0
BRDA:39,2,0,27
BRDA:39,2,1,0
BRDA:69,3,0,2
BRDA:69,3,1,95
BRDA:78,4,0,95
BRDA:78,4,1,0
BRDA:86,5,0,95
BRDA:86,5,1,0
BRDA:90,6,0,95
BRDA:90,6,1,0
BRDA:92,7,0,0
BRDA:92,7,1,0
BRDA:123,8,0,0
BRDA:123,8,1,25
BRDA:128,9,0,11
BRDA:128,9,1,14
BRDA:133,10,0,0
BRDA:133,10,1,14
BRDA:164,11,0,3
BRDA:164,11,1,6
BRDA:169,12,0,0
BRDA:169,12,1,6
BRDA:174,13,0,0
BRDA:174,13,1,6
BRDA:183,14,0,6
BRDA:183,14,1,0
BRDA:184,15,0,6
BRDA:184,15,1,0
BRDA:185,16,0,6
BRDA:185,16,1,0
BRDA:185,17,0,0
BRDA:185,17,1,0
BRDA:186,18,0,6
BRDA:186,18,1,0
BRDA:189,19,0,6
BRDA:189,19,1,4
BRDA:189,20,0,1
BRDA:189,20,1,3
BRDA:190,21,0,6
BRDA:190,21,1,0
BRDA:191,22,0,6
BRDA:191,22,1,4
BRDA:192,23,0,6
BRDA:192,23,1,2
BRDA:215,24,0,0
BRDA:220,25,0,0
BRDA:220,25,1,12
BRDA:225,26,0,12
BRDA:225,26,1,0
BRDA:227,27,0,5
BRDA:227,27,1,7
BRDA:227,28,0,12
BRDA:227,28,1,5
BRDA:228,29,0,2
BRDA:228,29,1,3
BRDA:233,30,0,1
BRDA:233,30,1,9
BRDA:237,31,0,0
BRDA:237,31,1,9
BRDA:237,32,0,9
BRDA:237,32,1,9
BRDA:243,33,0,0
BRDA:243,33,1,9
BRDA:246,34,0,0
BRDA:246,34,1,0
BRDA:246,35,0,0
BRDA:246,35,1,0
BRDA:265,36,0,0
BRDA:270,37,0,6
BRDA:270,37,1,3
BRDA:274,38,0,3
BRDA:274,38,1,6
BRDA:276,39,0,0
BRDA:276,39,1,3
BRDA:282,40,0,8
BRDA:282,40,1,1
BRDA:287,41,0,8
BRDA:287,41,1,1
BRDA:290,42,0,7
BRDA:290,42,1,2
BRDA:302,43,0,0
BRDA:302,43,1,8
BRDA:307,44,0,0
BRDA:307,44,1,8
BRDA:313,45,0,1
BRDA:313,45,1,7
BRDA:320,46,0,0
BRDA:320,46,1,8
BRDA:322,47,0,0
BRDA:322,47,1,0
BRDA:322,48,0,0
BRDA:322,48,1,0
BRDA:335,49,0,8
BRDA:335,49,1,0
BRDA:364,50,0,1
BRDA:364,50,1,1
BRDA:369,51,0,0
BRDA:369,51,1,1
BRDA:381,52,0,0
BRDA:381,52,1,1
BRDA:381,53,0,1
BRDA:381,53,1,0
BRDA:402,54,0,9
BRDA:402,54,1,8
BRDA:413,55,0,9
BRDA:413,55,1,9
BRDA:415,56,0,9
BRDA:415,56,1,0
BRDA:442,57,0,36
BRDA:442,57,1,27
BRDA:447,58,0,9
BRDA:447,58,1,27
BRDA:448,59,0,9
BRDA:448,59,1,0
BRDA:483,60,0,7
BRDA:483,60,1,29
BRDA:494,61,0,1
BRDA:494,61,1,35
BRDA:531,62,0,0
BRDA:531,62,1,0
BRDA:545,63,0,0
BRDA:547,64,0,0
BRDA:547,64,1,0
BRDA:574,65,0,0
BRDA:576,66,0,0
BRDA:576,66,1,0
BRDA:597,67,0,0
BRDA:597,67,1,0
BRDA:609,68,0,0
BRDA:609,68,1,0
BRDA:611,69,0,0
BRDA:611,69,1,0
BRDA:618,70,0,0
BRDA:618,70,1,0
BRDA:628,71,0,0
BRDA:628,71,1,0
BRDA:638,72,0,0
BRDA:638,72,1,0
BRDA:658,73,0,0
BRDA:658,73,1,0
BRDA:658,74,0,0
BRDA:658,74,1,0
BRDA:672,75,0,0
BRDA:675,76,0,1
BRDA:675,76,1,1
BRDA:704,77,0,0
BRDA:704,77,1,0
BRDA:716,78,0,0
BRDA:716,78,1,0
BRF:152
BRH:80
end_of_record
TN:
SF:src/managers/PageManager.legacy.js
FN:12,(anonymous_0)
FN:17,(anonymous_1)
FN:32,(anonymous_2)
FN:38,(anonymous_3)
FN:39,(anonymous_4)
FN:42,(anonymous_5)
FN:43,(anonymous_6)
FN:56,(anonymous_7)
FN:67,(anonymous_8)
FN:97,(anonymous_9)
FN:151,(anonymous_10)
FN:192,(anonymous_11)
FN:220,(anonymous_12)
FN:227,(anonymous_13)
FN:228,(anonymous_14)
FN:232,(anonymous_15)
FN:233,(anonymous_16)
FN:266,(anonymous_17)
FN:327,(anonymous_18)
FN:347,(anonymous_19)
FN:374,(anonymous_20)
FNF:21
FNH:0
FNDA:0,(anonymous_0)
FNDA:0,(anonymous_1)
FNDA:0,(anonymous_2)
FNDA:0,(anonymous_3)
FNDA:0,(anonymous_4)
FNDA:0,(anonymous_5)
FNDA:0,(anonymous_6)
FNDA:0,(anonymous_7)
FNDA:0,(anonymous_8)
FNDA:0,(anonymous_9)
FNDA:0,(anonymous_10)
FNDA:0,(anonymous_11)
FNDA:0,(anonymous_12)
FNDA:0,(anonymous_13)
FNDA:0,(anonymous_14)
FNDA:0,(anonymous_15)
FNDA:0,(anonymous_16)
FNDA:0,(anonymous_17)
FNDA:0,(anonymous_18)
FNDA:0,(anonymous_19)
FNDA:0,(anonymous_20)
DA:1,0
DA:2,0
DA:3,0
DA:4,0
DA:5,0
DA:13,0
DA:14,0
DA:18,0
DA:19,0
DA:20,0
DA:21,0
DA:22,0
DA:25,0
DA:33,0
DA:34,0
DA:35,0
DA:37,0
DA:38,0
DA:39,0
DA:41,0
DA:42,0
DA:43,0
DA:45,0
DA:47,0
DA:57,0
DA:58,0
DA:59,0
DA:68,0
DA:69,0
DA:71,0
DA:72,0
DA:73,0
DA:74,0
DA:75,0
DA:77,0
DA:80,0
DA:81,0
DA:83,0
DA:99,0
DA:100,0
DA:101,0
DA:105,0
DA:107,0
DA:108,0
DA:112,0
DA:113,0
DA:114,0
DA:120,0
DA:121,0
DA:122,0
DA:123,0
DA:125,0
DA:126,0
DA:130,0
DA:131,0
DA:132,0
DA:138,0
DA:142,0
DA:153,0
DA:154,0
DA:158,0
DA:161,0
DA:162,0
DA:163,0
DA:166,0
DA:167,0
DA:169,0
DA:171,0
DA:172,0
DA:174,0
DA:177,0
DA:178,0
DA:181,0
DA:182,0
DA:185,0
DA:193,0
DA:196,0
DA:197,0
DA:198,0
DA:199,0
DA:203,0
DA:204,0
DA:205,0
DA:206,0
DA:210,0
DA:211,0
DA:214,0
DA:221,0
DA:223,0
DA:224,0
DA:226,0
DA:227,0
DA:228,0
DA:231,0
DA:232,0
DA:233,0
DA:237,0
DA:238,0
DA:241,0
DA:251,0
DA:252,0
DA:253,0
DA:256,0
DA:267,0
DA:269,0
DA:282,0
DA:283,0
DA:286,0
DA:287,0
DA:288,0
DA:290,0
DA:294,0
DA:295,0
DA:298,0
DA:299,0
DA:300,0
DA:303,0
DA:304,0
DA:307,0
DA:320,0
DA:328,0
DA:329,0
DA:331,0
DA:332,0
DA:333,0
DA:334,0
DA:338,0
DA:348,0
DA:349,0
DA:350,0
DA:353,0
DA:354,0
DA:360,0
DA:375,0
DA:376,0
DA:377,0
DA:380,0
DA:381,0
DA:387,0
DA:391,0
LF:140
LH:0
BRDA:17,0,0,0
BRDA:19,1,0,0
BRDA:19,1,1,0
BRDA:20,2,0,0
BRDA:20,2,1,0
BRDA:59,3,0,0
BRDA:59,3,1,0
BRDA:72,4,0,0
BRDA:72,4,1,0
BRDA:74,5,0,0
BRDA:74,5,1,0
BRDA:97,6,0,0
BRDA:100,7,0,0
BRDA:100,7,1,0
BRDA:105,8,0,0
BRDA:105,8,1,0
BRDA:107,9,0,0
BRDA:107,9,1,0
BRDA:107,10,0,0
BRDA:107,10,1,0
BRDA:112,11,0,0
BRDA:112,11,1,0
BRDA:112,12,0,0
BRDA:112,12,1,0
BRDA:113,13,0,0
BRDA:113,13,1,0
BRDA:113,14,0,0
BRDA:113,14,1,0
BRDA:120,15,0,0
BRDA:120,15,1,0
BRDA:123,16,0,0
BRDA:123,16,1,0
BRDA:123,17,0,0
BRDA:123,17,1,0
BRDA:125,18,0,0
BRDA:125,18,1,0
BRDA:125,19,0,0
BRDA:125,19,1,0
BRDA:130,20,0,0
BRDA:130,20,1,0
BRDA:130,21,0,0
BRDA:130,21,1,0
BRDA:131,22,0,0
BRDA:131,22,1,0
BRDA:131,23,0,0
BRDA:131,23,1,0
BRDA:151,24,0,0
BRDA:153,25,0,0
BRDA:153,25,1,0
BRDA:162,26,0,0
BRDA:162,26,1,0
BRDA:169,27,0,0
BRDA:169,27,1,0
BRDA:169,28,0,0
BRDA:169,28,1,0
BRDA:172,29,0,0
BRDA:172,29,1,0
BRDA:172,30,0,0
BRDA:172,30,1,0
BRDA:181,31,0,0
BRDA:181,31,1,0
BRDA:197,32,0,0
BRDA:197,32,1,0
BRDA:204,33,0,0
BRDA:204,33,1,0
BRDA:210,34,0,0
BRDA:210,34,1,0
BRDA:210,35,0,0
BRDA:210,35,1,0
BRDA:232,36,0,0
BRDA:232,36,1,0
BRDA:282,37,0,0
BRDA:282,37,1,0
BRDA:294,38,0,0
BRDA:294,38,1,0
BRDA:333,39,0,0
BRDA:333,39,1,0
BRDA:347,40,0,0
BRDA:349,41,0,0
BRDA:349,41,1,0
BRDA:374,42,0,0
BRDA:376,43,0,0
BRDA:376,43,1,0
BRF:83
BRH:0
end_of_record
TN:
SF:src/managers/PageManagerUuid.js
FN:12,generateSlug
FN:25,(anonymous_1)
FN:36,(anonymous_2)
FN:53,(anonymous_3)
FN:121,(anonymous_4)
FN:144,(anonymous_5)
FN:153,(anonymous_6)
FN:162,(anonymous_7)
FN:209,(anonymous_8)
FN:256,(anonymous_9)
FN:322,(anonymous_10)
FN:355,(anonymous_11)
FN:374,(anonymous_12)
FN:377,(anonymous_13)
FN:378,(anonymous_14)
FN:413,(anonymous_15)
FN:472,(anonymous_16)
FN:491,(anonymous_17)
FN:521,(anonymous_18)
FN:545,(anonymous_19)
FN:558,(anonymous_20)
FNF:21
FNH:0
FNDA:0,generateSlug
FNDA:0,(anonymous_1)
FNDA:0,(anonymous_2)
FNDA:0,(anonymous_3)
FNDA:0,(anonymous_4)
FNDA:0,(anonymous_5)
FNDA:0,(anonymous_6)
FNDA:0,(anonymous_7)
FNDA:0,(anonymous_8)
FNDA:0,(anonymous_9)
FNDA:0,(anonymous_10)
FNDA:0,(anonymous_11)
FNDA:0,(anonymous_12)
FNDA:0,(anonymous_13)
FNDA:0,(anonymous_14)
FNDA:0,(anonymous_15)
FNDA:0,(anonymous_16)
FNDA:0,(anonymous_17)
FNDA:0,(anonymous_18)
FNDA:0,(anonymous_19)
FNDA:0,(anonymous_20)
DA:1,0
DA:2,0
DA:3,0
DA:4,0
DA:5,0
DA:13,0
DA:26,0
DA:27,0
DA:28,0
DA:30,0
DA:31,0
DA:32,0
DA:33,0
DA:37,0
DA:38,0
DA:39,0
DA:40,0
DA:41,0
DA:44,0
DA:47,0
DA:54,0
DA:55,0
DA:56,0
DA:57,0
DA:59,0
DA:64,0
DA:65,0
DA:66,0
DA:68,0
DA:69,0
DA:71,0
DA:72,0
DA:74,0
DA:75,0
DA:76,0
DA:78,0
DA:80,0
DA:86,0
DA:87,0
DA:90,0
DA:91,0
DA:92,0
DA:94,0
DA:95,0
DA:99,0
DA:100,0
DA:107,0
DA:111,0
DA:123,0
DA:124,0
DA:128,0
DA:129,0
DA:133,0
DA:134,0
DA:137,0
DA:145,0
DA:154,0
DA:163,0
DA:164,0
DA:165,0
DA:169,0
DA:170,0
DA:173,0
DA:174,0
DA:175,0
DA:178,0
DA:179,0
DA:180,0
DA:182,0
DA:194,0
DA:196,0
DA:198,0
DA:199,0
DA:211,0
DA:214,0
DA:215,0
DA:219,0
DA:221,0
DA:222,0
DA:226,0
DA:227,0
DA:228,0
DA:234,0
DA:235,0
DA:236,0
DA:237,0
DA:238,0
DA:242,0
DA:246,0
DA:258,0
DA:259,0
DA:262,0
DA:264,0
DA:265,0
DA:267,0
DA:270,0
DA:271,0
DA:275,0
DA:278,0
DA:279,0
DA:282,0
DA:283,0
DA:286,0
DA:287,0
DA:288,0
DA:289,0
DA:290,0
DA:295,0
DA:296,0
DA:299,0
DA:302,0
DA:303,0
DA:306,0
DA:323,0
DA:324,0
DA:325,0
DA:328,0
DA:329,0
DA:330,0
DA:333,0
DA:334,0
DA:337,0
DA:340,0
DA:341,0
DA:342,0
DA:345,0
DA:347,0
DA:348,0
DA:356,0
DA:358,0
DA:360,0
DA:361,0
DA:362,0
DA:363,0
DA:364,0
DA:374,0
DA:377,0
DA:378,0
DA:381,0
DA:382,0
DA:385,0
DA:395,0
DA:396,0
DA:397,0
DA:400,0
DA:403,0
DA:414,0
DA:416,0
DA:429,0
DA:430,0
DA:433,0
DA:434,0
DA:436,0
DA:440,0
DA:441,0
DA:444,0
DA:445,0
DA:448,0
DA:449,0
DA:452,0
DA:465,0
DA:473,0
DA:475,0
DA:476,0
DA:477,0
DA:478,0
DA:482,0
DA:492,0
DA:493,0
DA:494,0
DA:497,0
DA:498,0
DA:507,0
DA:522,0
DA:523,0
DA:524,0
DA:527,0
DA:528,0
DA:537,0
DA:546,0
DA:547,0
DA:548,0
DA:550,0
DA:559,0
DA:560,0
DA:562,0
DA:566,0
LF:187
LH:0
BRDA:36,0,0,0
BRDA:38,1,0,0
BRDA:38,1,1,0
BRDA:39,2,0,0
BRDA:39,2,1,0
BRDA:69,3,0,0
BRDA:69,3,1,0
BRDA:78,4,0,0
BRDA:78,4,1,0
BRDA:86,5,0,0
BRDA:86,5,1,0
BRDA:90,6,0,0
BRDA:90,6,1,0
BRDA:92,7,0,0
BRDA:92,7,1,0
BRDA:123,8,0,0
BRDA:123,8,1,0
BRDA:128,9,0,0
BRDA:128,9,1,0
BRDA:133,10,0,0
BRDA:133,10,1,0
BRDA:164,11,0,0
BRDA:164,11,1,0
BRDA:169,12,0,0
BRDA:169,12,1,0
BRDA:174,13,0,0
BRDA:174,13,1,0
BRDA:183,14,0,0
BRDA:183,14,1,0
BRDA:184,15,0,0
BRDA:184,15,1,0
BRDA:185,16,0,0
BRDA:185,16,1,0
BRDA:185,17,0,0
BRDA:185,17,1,0
BRDA:186,18,0,0
BRDA:186,18,1,0
BRDA:209,19,0,0
BRDA:214,20,0,0
BRDA:214,20,1,0
BRDA:219,21,0,0
BRDA:219,21,1,0
BRDA:221,22,0,0
BRDA:221,22,1,0
BRDA:221,23,0,0
BRDA:221,23,1,0
BRDA:226,24,0,0
BRDA:226,24,1,0
BRDA:226,25,0,0
BRDA:226,25,1,0
BRDA:227,26,0,0
BRDA:227,26,1,0
BRDA:227,27,0,0
BRDA:227,27,1,0
BRDA:234,28,0,0
BRDA:234,28,1,0
BRDA:237,29,0,0
BRDA:237,29,1,0
BRDA:237,30,0,0
BRDA:237,30,1,0
BRDA:256,31,0,0
BRDA:258,32,0,0
BRDA:258,32,1,0
BRDA:262,33,0,0
BRDA:262,33,1,0
BRDA:264,34,0,0
BRDA:264,34,1,0
BRDA:270,35,0,0
BRDA:270,35,1,0
BRDA:279,36,0,0
BRDA:279,36,1,0
BRDA:287,37,0,0
BRDA:287,37,1,0
BRDA:287,38,0,0
BRDA:287,38,1,0
BRDA:289,39,0,0
BRDA:289,39,1,0
BRDA:289,40,0,0
BRDA:289,40,1,0
BRDA:302,41,0,0
BRDA:302,41,1,0
BRDA:324,42,0,0
BRDA:324,42,1,0
BRDA:329,43,0,0
BRDA:329,43,1,0
BRDA:341,44,0,0
BRDA:341,44,1,0
BRDA:341,45,0,0
BRDA:341,45,1,0
BRDA:361,46,0,0
BRDA:361,46,1,0
BRDA:363,47,0,0
BRDA:363,47,1,0
BRDA:429,48,0,0
BRDA:429,48,1,0
BRDA:440,49,0,0
BRDA:440,49,1,0
BRDA:477,50,0,0
BRDA:477,50,1,0
BRDA:491,51,0,0
BRDA:493,52,0,0
BRDA:493,52,1,0
BRDA:521,53,0,0
BRDA:523,54,0,0
BRDA:523,54,1,0
BRDA:547,55,0,0
BRDA:547,55,1,0
BRDA:559,56,0,0
BRDA:559,56,1,0
BRF:109
BRH:0
end_of_record
TN:
SF:src/managers/PluginManager.js
FN:8,(anonymous_0)
FN:14,(anonymous_1)
FN:24,(anonymous_2)
FN:48,(anonymous_3)
FN:77,(anonymous_4)
FN:112,(anonymous_5)
FN:121,(anonymous_6)
FN:140,(anonymous_7)
FNF:8
FNH:0
FNDA:0,(anonymous_0)
FNDA:0,(anonymous_1)
FNDA:0,(anonymous_2)
FNDA:0,(anonymous_3)
FNDA:0,(anonymous_4)
FNDA:0,(anonymous_5)
FNDA:0,(anonymous_6)
FNDA:0,(anonymous_7)
DA:1,0
DA:9,0
DA:10,0
DA:11,0
DA:15,0
DA:16,0
DA:17,0
DA:18,0
DA:25,0
DA:26,0
DA:28,0
DA:29,0
DA:30,0
DA:31,0
DA:32,0
DA:33,0
DA:34,0
DA:39,0
DA:49,0
DA:51,0
DA:52,0
DA:54,0
DA:55,0
DA:58,0
DA:59,0
DA:62,0
DA:63,0
DA:65,0
DA:78,0
DA:79,0
DA:80,0
DA:83,0
DA:85,0
DA:92,0
DA:93,0
DA:97,0
DA:98,0
DA:101,0
DA:103,0
DA:104,0
DA:113,0
DA:122,0
DA:123,0
DA:124,0
DA:127,0
DA:141,0
DA:145,0
LF:47
LH:0
BRDA:14,0,0,0
BRDA:16,1,0,0
BRDA:16,1,1,0
BRDA:30,2,0,0
BRDA:30,2,1,0
BRDA:33,3,0,0
BRDA:33,3,1,0
BRDA:33,4,0,0
BRDA:33,4,1,0
BRDA:55,5,0,0
BRDA:55,5,1,0
BRDA:58,6,0,0
BRDA:58,6,1,0
BRDA:77,7,0,0
BRDA:79,8,0,0
BRDA:79,8,1,0
BRDA:86,9,0,0
BRDA:86,9,1,0
BRDA:88,10,0,0
BRDA:88,10,1,0
BRDA:92,11,0,0
BRDA:92,11,1,0
BRDA:92,12,0,0
BRDA:92,12,1,0
BRDA:97,13,0,0
BRDA:97,13,1,0
BRDA:98,14,0,0
BRDA:98,14,1,0
BRDA:123,15,0,0
BRDA:123,15,1,0
BRDA:129,16,0,0
BRDA:129,16,1,0
BRDA:130,17,0,0
BRDA:130,17,1,0
BRDA:131,18,0,0
BRDA:131,18,1,0
BRF:36
BRH:0
end_of_record
TN:
SF:src/managers/RenderingManager.js
FN:9,(anonymous_0)
FN:15,(anonymous_1)
FN:41,(anonymous_2)
FN:67,(anonymous_3)
FN:74,(anonymous_4)
FN:96,(anonymous_5)
FN:100,(anonymous_6)
FN:131,(anonymous_7)
FN:163,(anonymous_8)
FN:220,(anonymous_9)
FN:224,(anonymous_10)
FN:240,(anonymous_11)
FN:295,(anonymous_12)
FN:303,(anonymous_13)
FN:310,(anonymous_14)
FN:317,(anonymous_15)
FN:327,(anonymous_16)
FN:425,(anonymous_17)
FN:466,(anonymous_18)
FN:478,(anonymous_19)
FN:486,(anonymous_20)
FN:506,(anonymous_21)
FN:515,(anonymous_22)
FN:538,(anonymous_23)
FN:584,(anonymous_24)
FN:602,(anonymous_25)
FN:612,(anonymous_26)
FN:623,(anonymous_27)
FN:686,(anonymous_28)
FN:698,(anonymous_29)
FN:750,(anonymous_30)
FN:757,(anonymous_31)
FN:766,(anonymous_32)
FN:777,(anonymous_33)
FN:786,(anonymous_34)
FN:807,(anonymous_35)
FNF:36
FNH:0
FNDA:0,(anonymous_0)
FNDA:0,(anonymous_1)
FNDA:0,(anonymous_2)
FNDA:0,(anonymous_3)
FNDA:0,(anonymous_4)
FNDA:0,(anonymous_5)
FNDA:0,(anonymous_6)
FNDA:0,(anonymous_7)
FNDA:0,(anonymous_8)
FNDA:0,(anonymous_9)
FNDA:0,(anonymous_10)
FNDA:0,(anonymous_11)
FNDA:0,(anonymous_12)
FNDA:0,(anonymous_13)
FNDA:0,(anonymous_14)
FNDA:0,(anonymous_15)
FNDA:0,(anonymous_16)
FNDA:0,(anonymous_17)
FNDA:0,(anonymous_18)
FNDA:0,(anonymous_19)
FNDA:0,(anonymous_20)
FNDA:0,(anonymous_21)
FNDA:0,(anonymous_22)
FNDA:0,(anonymous_23)
FNDA:0,(anonymous_24)
FNDA:0,(anonymous_25)
FNDA:0,(anonymous_26)
FNDA:0,(anonymous_27)
FNDA:0,(anonymous_28)
FNDA:0,(anonymous_29)
FNDA:0,(anonymous_30)
FNDA:0,(anonymous_31)
FNDA:0,(anonymous_32)
FNDA:0,(anonymous_33)
FNDA:0,(anonymous_34)
FNDA:0,(anonymous_35)
DA:1,0
DA:2,0
DA:10,0
DA:11,0
DA:12,0
DA:16,0
DA:19,0
DA:29,0
DA:31,0
DA:42,0
DA:45,0
DA:48,0
DA:51,0
DA:54,0
DA:57,0
DA:59,0
DA:69,0
DA:72,0
DA:74,0
DA:76,0
DA:79,0
DA:82,0
DA:85,0
DA:87,0
DA:98,0
DA:100,0
DA:102,0
DA:105,0
DA:117,0
DA:120,0
DA:122,0
DA:132,0
DA:142,0
DA:145,0
DA:146,0
DA:147,0
DA:149,0
DA:150,0
DA:154,0
DA:164,0
DA:165,0
DA:166,0
DA:167,0
DA:169,0
DA:170,0
DA:171,0
DA:174,0
DA:177,0
DA:179,0
DA:180,0
DA:181,0
DA:184,0
DA:189,0
DA:190,0
DA:192,0
DA:193,0
DA:195,0
DA:198,0
DA:199,0
DA:200,0
DA:202,0
DA:203,0
DA:205,0
DA:206,0
DA:208,0
DA:212,0
DA:222,0
DA:224,0
DA:225,0
DA:226,0
DA:227,0
DA:229,0
DA:230,0
DA:241,0
DA:243,0
DA:244,0
DA:245,0
DA:248,0
DA:249,0
DA:253,0
DA:254,0
DA:256,0
DA:257,0
DA:260,0
DA:261,0
DA:264,0
DA:267,0
DA:268,0
DA:270,0
DA:274,0
DA:275,0
DA:276,0
DA:278,0
DA:282,0
DA:285,0
DA:296,0
DA:299,0
DA:300,0
DA:303,0
DA:304,0
DA:305,0
DA:306,0
DA:310,0
DA:311,0
DA:312,0
DA:313,0
DA:317,0
DA:318,0
DA:319,0
DA:320,0
DA:324,0
DA:325,0
DA:327,0
DA:328,0
DA:330,0
DA:331,0
DA:335,0
DA:336,0
DA:337,0
DA:340,0
DA:341,0
DA:344,0
DA:345,0
DA:346,0
DA:347,0
DA:350,0
DA:352,0
DA:353,0
DA:354,0
DA:355,0
DA:357,0
DA:358,0
DA:360,0
DA:361,0
DA:362,0
DA:363,0
DA:366,0
DA:367,0
DA:369,0
DA:370,0
DA:371,0
DA:374,0
DA:376,0
DA:377,0
DA:378,0
DA:379,0
DA:381,0
DA:382,0
DA:384,0
DA:385,0
DA:386,0
DA:387,0
DA:390,0
DA:395,0
DA:401,0
DA:402,0
DA:407,0
DA:411,0
DA:412,0
DA:415,0
DA:426,0
DA:427,0
DA:429,0
DA:431,0
DA:433,0
DA:435,0
DA:437,0
DA:439,0
DA:441,0
DA:443,0
DA:445,0
DA:447,0
DA:449,0
DA:451,0
DA:453,0
DA:454,0
DA:457,0
DA:458,0
DA:467,0
DA:468,0
DA:469,0
DA:470,0
DA:471,0
DA:474,0
DA:476,0
DA:477,0
DA:478,0
DA:479,0
DA:484,0
DA:485,0
DA:486,0
DA:487,0
DA:492,0
DA:494,0
DA:496,0
DA:497,0
DA:507,0
DA:508,0
DA:516,0
DA:517,0
DA:518,0
DA:519,0
DA:521,0
DA:522,0
DA:523,0
DA:526,0
DA:528,0
DA:529,0
DA:539,0
DA:540,0
DA:543,0
DA:544,0
DA:545,0
DA:548,0
DA:549,0
DA:550,0
DA:551,0
DA:552,0
DA:554,0
DA:559,0
DA:560,0
DA:561,0
DA:562,0
DA:563,0
DA:564,0
DA:565,0
DA:566,0
DA:569,0
DA:571,0
DA:574,0
DA:575,0
DA:585,0
DA:586,0
DA:587,0
DA:589,0
DA:590,0
DA:591,0
DA:592,0
DA:594,0
DA:604,0
DA:613,0
DA:614,0
DA:615,0
DA:616,0
DA:620,0
DA:623,0
DA:625,0
DA:626,0
DA:628,0
DA:629,0
DA:630,0
DA:632,0
DA:633,0
DA:638,0
DA:639,0
DA:640,0
DA:643,0
DA:644,0
DA:645,0
DA:650,0
DA:651,0
DA:652,0
DA:653,0
DA:656,0
DA:661,0
DA:663,0
DA:664,0
DA:665,0
DA:667,0
DA:670,0
DA:671,0
DA:674,0
DA:678,0
DA:679,0
DA:687,0
DA:688,0
DA:689,0
DA:690,0
DA:693,0
DA:694,0
DA:695,0
DA:698,0
DA:700,0
DA:701,0
DA:702,0
DA:704,0
DA:705,0
DA:709,0
DA:711,0
DA:712,0
DA:713,0
DA:714,0
DA:716,0
DA:717,0
DA:722,0
DA:723,0
DA:725,0
DA:728,0
DA:729,0
DA:730,0
DA:732,0
DA:733,0
DA:739,0
DA:740,0
DA:742,0
DA:751,0
DA:758,0
DA:767,0
DA:778,0
DA:787,0
DA:788,0
DA:792,0
DA:794,0
DA:796,0
DA:798,0
DA:808,0
DA:809,0
DA:813,0
DA:815,0
DA:817,0
DA:819,0
DA:824,0
LF:322
LH:0
BRDA:15,0,0,0
BRDA:41,1,0,0
BRDA:42,2,0,0
BRDA:42,2,1,0
BRDA:146,3,0,0
BRDA:146,3,1,0
BRDA:147,4,0,0
BRDA:147,4,1,0
BRDA:149,5,0,0
BRDA:149,5,1,0
BRDA:167,6,0,0
BRDA:167,6,1,0
BRDA:171,7,0,0
BRDA:171,7,1,0
BRDA:177,8,0,0
BRDA:177,8,1,0
BRDA:179,9,0,0
BRDA:179,9,1,0
BRDA:189,10,0,0
BRDA:189,10,1,0
BRDA:192,11,0,0
BRDA:192,11,1,0
BRDA:198,12,0,0
BRDA:198,12,1,0
BRDA:203,13,0,0
BRDA:203,13,1,0
BRDA:205,14,0,0
BRDA:205,14,1,0
BRDA:244,15,0,0
BRDA:244,15,1,0
BRDA:248,16,0,0
BRDA:248,16,1,0
BRDA:253,17,0,0
BRDA:253,17,1,0
BRDA:253,18,0,0
BRDA:253,18,1,0
BRDA:253,18,2,0
BRDA:253,18,3,0
BRDA:256,19,0,0
BRDA:256,19,1,0
BRDA:260,20,0,0
BRDA:260,20,1,0
BRDA:264,21,0,0
BRDA:264,21,1,0
BRDA:267,22,0,0
BRDA:267,22,1,0
BRDA:274,23,0,0
BRDA:274,23,1,0
BRDA:275,24,0,0
BRDA:275,24,1,0
BRDA:285,25,0,0
BRDA:285,25,1,0
BRDA:295,26,0,0
BRDA:325,27,0,0
BRDA:325,27,1,0
BRDA:330,28,0,0
BRDA:330,28,1,0
BRDA:344,29,0,0
BRDA:344,29,1,0
BRDA:344,30,0,0
BRDA:344,30,1,0
BRDA:344,30,2,0
BRDA:350,31,0,0
BRDA:350,31,1,0
BRDA:350,32,0,0
BRDA:350,32,1,0
BRDA:350,32,2,0
BRDA:350,32,3,0
BRDA:353,33,0,0
BRDA:353,33,1,0
BRDA:357,34,0,0
BRDA:357,34,1,0
BRDA:357,35,0,0
BRDA:357,35,1,0
BRDA:360,36,0,0
BRDA:360,36,1,0
BRDA:360,37,0,0
BRDA:360,37,1,0
BRDA:362,38,0,0
BRDA:362,38,1,0
BRDA:362,39,0,0
BRDA:362,39,1,0
BRDA:367,40,0,0
BRDA:367,40,1,0
BRDA:374,41,0,0
BRDA:374,41,1,0
BRDA:374,42,0,0
BRDA:374,42,1,0
BRDA:374,42,2,0
BRDA:374,42,3,0
BRDA:377,43,0,0
BRDA:377,43,1,0
BRDA:381,44,0,0
BRDA:381,44,1,0
BRDA:381,45,0,0
BRDA:381,45,1,0
BRDA:384,46,0,0
BRDA:384,46,1,0
BRDA:384,47,0,0
BRDA:384,47,1,0
BRDA:386,48,0,0
BRDA:386,48,1,0
BRDA:386,49,0,0
BRDA:386,49,1,0
BRDA:425,50,0,0
BRDA:427,51,0,0
BRDA:427,51,1,0
BRDA:427,51,2,0
BRDA:427,51,3,0
BRDA:427,51,4,0
BRDA:427,51,5,0
BRDA:427,51,6,0
BRDA:427,51,7,0
BRDA:427,51,8,0
BRDA:427,51,9,0
BRDA:427,51,10,0
BRDA:427,51,11,0
BRDA:427,51,12,0
BRDA:469,52,0,0
BRDA:469,52,1,0
BRDA:469,53,0,0
BRDA:469,53,1,0
BRDA:469,53,2,0
BRDA:507,54,0,0
BRDA:507,54,1,0
BRDA:521,55,0,0
BRDA:521,55,1,0
BRDA:523,56,0,0
BRDA:523,56,1,0
BRDA:543,57,0,0
BRDA:543,57,1,0
BRDA:549,58,0,0
BRDA:549,58,1,0
BRDA:551,59,0,0
BRDA:551,59,1,0
BRDA:552,60,0,0
BRDA:552,60,1,0
BRDA:589,61,0,0
BRDA:589,61,1,0
BRDA:591,62,0,0
BRDA:591,62,1,0
BRDA:615,63,0,0
BRDA:615,63,1,0
BRDA:620,64,0,0
BRDA:620,64,1,0
BRDA:626,65,0,0
BRDA:626,65,1,0
BRDA:629,66,0,0
BRDA:629,66,1,0
BRDA:632,67,0,0
BRDA:632,67,1,0
BRDA:639,68,0,0
BRDA:639,68,1,0
BRDA:644,69,0,0
BRDA:644,69,1,0
BRDA:650,70,0,0
BRDA:650,70,1,0
BRDA:652,71,0,0
BRDA:652,71,1,0
BRDA:661,72,0,0
BRDA:661,72,1,0
BRDA:661,73,0,0
BRDA:661,73,1,0
BRDA:663,74,0,0
BRDA:663,74,1,0
BRDA:665,75,0,0
BRDA:665,75,1,0
BRDA:670,76,0,0
BRDA:670,76,1,0
BRDA:688,77,0,0
BRDA:688,77,1,0
BRDA:704,78,0,0
BRDA:704,78,1,0
BRDA:713,79,0,0
BRDA:713,79,1,0
BRDA:716,80,0,0
BRDA:716,80,1,0
BRDA:725,81,0,0
BRDA:725,81,1,0
BRDA:728,82,0,0
BRDA:728,82,1,0
BRDA:728,83,0,0
BRDA:728,83,1,0
BRDA:728,83,2,0
BRDA:729,84,0,0
BRDA:729,84,1,0
BRDA:732,85,0,0
BRDA:732,85,1,0
BRDA:767,86,0,0
BRDA:767,86,1,0
BRDA:777,87,0,0
BRDA:787,88,0,0
BRDA:787,88,1,0
BRDA:787,89,0,0
BRDA:787,89,1,0
BRDA:792,90,0,0
BRDA:792,90,1,0
BRDA:792,90,2,0
BRDA:796,91,0,0
BRDA:796,91,1,0
BRDA:798,92,0,0
BRDA:798,92,1,0
BRDA:808,93,0,0
BRDA:808,93,1,0
BRDA:808,94,0,0
BRDA:808,94,1,0
BRDA:813,95,0,0
BRDA:813,95,1,0
BRDA:813,95,2,0
BRF:209
BRH:0
end_of_record
TN:
SF:src/managers/SchemaManager.js
FN:11,(anonymous_0)
FN:18,(anonymous_1)
FN:34,(anonymous_2)
FN:55,(anonymous_3)
FN:76,(anonymous_4)
FN:90,(anonymous_5)
FN:104,(anonymous_6)
FN:105,(anonymous_7)
FN:114,(anonymous_8)
FN:121,(anonymous_9)
FN:150,(anonymous_10)
FN:157,(anonymous_11)
FN:164,(anonymous_12)
FN:174,(anonymous_13)
FN:195,(anonymous_14)
FN:205,(anonymous_15)
FN:226,(anonymous_16)
FN:254,(anonymous_17)
FN:268,(anonymous_18)
FN:302,(anonymous_19)
FN:303,(anonymous_20)
FN:313,(anonymous_21)
FN:346,(anonymous_22)
FN:373,(anonymous_23)
FN:392,(anonymous_24)
FNF:25
FNH:0
FNDA:0,(anonymous_0)
FNDA:0,(anonymous_1)
FNDA:0,(anonymous_2)
FNDA:0,(anonymous_3)
FNDA:0,(anonymous_4)
FNDA:0,(anonymous_5)
FNDA:0,(anonymous_6)
FNDA:0,(anonymous_7)
FNDA:0,(anonymous_8)
FNDA:0,(anonymous_9)
FNDA:0,(anonymous_10)
FNDA:0,(anonymous_11)
FNDA:0,(anonymous_12)
FNDA:0,(anonymous_13)
FNDA:0,(anonymous_14)
FNDA:0,(anonymous_15)
FNDA:0,(anonymous_16)
FNDA:0,(anonymous_17)
FNDA:0,(anonymous_18)
FNDA:0,(anonymous_19)
FNDA:0,(anonymous_20)
FNDA:0,(anonymous_21)
FNDA:0,(anonymous_22)
FNDA:0,(anonymous_23)
FNDA:0,(anonymous_24)
DA:1,0
DA:2,0
DA:3,0
DA:4,0
DA:12,0
DA:13,0
DA:14,0
DA:15,0
DA:19,0
DA:21,0
DA:23,0
DA:25,0
DA:26,0
DA:28,0
DA:35,0
DA:36,0
DA:37,0
DA:38,0
DA:39,0
DA:40,0
DA:41,0
DA:43,0
DA:44,0
DA:47,0
DA:48,0
DA:56,0
DA:57,0
DA:58,0
DA:59,0
DA:60,0
DA:61,0
DA:62,0
DA:64,0
DA:65,0
DA:68,0
DA:69,0
DA:77,0
DA:78,0
DA:79,0
DA:80,0
DA:82,0
DA:83,0
DA:91,0
DA:92,0
DA:93,0
DA:94,0
DA:96,0
DA:97,0
DA:105,0
DA:106,0
DA:107,0
DA:115,0
DA:122,0
DA:124,0
DA:151,0
DA:158,0
DA:165,0
DA:166,0
DA:167,0
DA:168,0
DA:175,0
DA:176,0
DA:177,0
DA:180,0
DA:186,0
DA:187,0
DA:188,0
DA:189,0
DA:196,0
DA:197,0
DA:198,0
DA:199,0
DA:206,0
DA:207,0
DA:208,0
DA:211,0
DA:217,0
DA:218,0
DA:219,0
DA:220,0
DA:227,0
DA:234,0
DA:235,0
DA:237,0
DA:238,0
DA:242,0
DA:247,0
DA:248,0
DA:254,0
DA:255,0
DA:256,0
DA:261,0
DA:262,0
DA:267,0
DA:268,0
DA:269,0
DA:270,0
DA:275,0
DA:276,0
DA:284,0
DA:285,0
DA:292,0
DA:293,0
DA:296,0
DA:303,0
DA:304,0
DA:305,0
DA:314,0
DA:321,0
DA:322,0
DA:326,0
DA:327,0
DA:331,0
DA:333,0
DA:337,0
DA:338,0
DA:340,0
DA:346,0
DA:347,0
DA:348,0
DA:353,0
DA:354,0
DA:359,0
DA:360,0
DA:363,0
DA:364,0
DA:367,0
DA:374,0
DA:375,0
DA:376,0
DA:377,0
DA:378,0
DA:381,0
DA:382,0
DA:384,0
DA:386,0
DA:387,0
DA:392,0
DA:412,0
DA:416,0
DA:417,0
DA:418,0
DA:419,0
DA:422,0
DA:423,0
DA:428,0
LF:146
LH:0
BRDA:18,0,0,0
BRDA:21,1,0,0
BRDA:21,1,1,0
BRDA:37,2,0,0
BRDA:37,2,1,0
BRDA:58,3,0,0
BRDA:58,3,1,0
BRDA:129,4,0,0
BRDA:129,4,1,0
BRDA:130,5,0,0
BRDA:130,5,1,0
BRDA:132,6,0,0
BRDA:132,6,1,0
BRDA:176,7,0,0
BRDA:176,7,1,0
BRDA:207,8,0,0
BRDA:207,8,1,0
BRDA:234,9,0,0
BRDA:234,9,1,0
BRDA:237,10,0,0
BRDA:237,10,1,0
BRDA:247,11,0,0
BRDA:247,11,1,0
BRDA:247,12,0,0
BRDA:247,12,1,0
BRDA:255,13,0,0
BRDA:255,13,1,0
BRDA:255,14,0,0
BRDA:255,14,1,0
BRDA:255,14,2,0
BRDA:261,15,0,0
BRDA:261,15,1,0
BRDA:261,16,0,0
BRDA:261,16,1,0
BRDA:267,17,0,0
BRDA:267,17,1,0
BRDA:267,18,0,0
BRDA:267,18,1,0
BRDA:268,19,0,0
BRDA:268,19,1,0
BRDA:269,20,0,0
BRDA:269,20,1,0
BRDA:275,21,0,0
BRDA:275,21,1,0
BRDA:275,22,0,0
BRDA:275,22,1,0
BRDA:280,23,0,0
BRDA:280,23,1,0
BRDA:284,24,0,0
BRDA:284,24,1,0
BRDA:292,25,0,0
BRDA:292,25,1,0
BRDA:304,26,0,0
BRDA:304,26,1,0
BRDA:304,27,0,0
BRDA:304,27,1,0
BRDA:304,27,2,0
BRDA:321,28,0,0
BRDA:321,28,1,0
BRDA:326,29,0,0
BRDA:326,29,1,0
BRDA:331,30,0,0
BRDA:331,30,1,0
BRDA:331,31,0,0
BRDA:331,31,1,0
BRDA:331,31,2,0
BRDA:337,32,0,0
BRDA:337,32,1,0
BRDA:338,33,0,0
BRDA:338,33,1,0
BRDA:338,34,0,0
BRDA:338,34,1,0
BRDA:347,35,0,0
BRDA:347,35,1,0
BRDA:347,36,0,0
BRDA:347,36,1,0
BRDA:347,36,2,0
BRDA:353,37,0,0
BRDA:353,37,1,0
BRDA:353,38,0,0
BRDA:353,38,1,0
BRDA:359,39,0,0
BRDA:359,39,1,0
BRDA:359,40,0,0
BRDA:359,40,1,0
BRDA:363,41,0,0
BRDA:363,41,1,0
BRDA:376,42,0,0
BRDA:376,42,1,0
BRDA:389,43,0,0
BRDA:389,43,1,0
BRDA:391,44,0,0
BRDA:391,44,1,0
BRDA:392,45,0,0
BRDA:392,45,1,0
BRDA:401,46,0,0
BRDA:401,46,1,0
BRDA:406,47,0,0
BRDA:406,47,1,0
BRF:99
BRH:0
end_of_record
TN:
SF:src/managers/SearchManager.js
FN:9,(anonymous_0)
FN:15,(anonymous_1)
FN:27,(anonymous_2)
FN:39,(anonymous_3)
FN:68,(anonymous_4)
FN:77,(anonymous_5)
FN:94,(anonymous_6)
FN:103,(anonymous_7)
FN:132,(anonymous_8)
FN:145,(anonymous_9)
FN:165,(anonymous_10)
FN:179,(anonymous_11)
FN:191,(anonymous_12)
FN:195,(anonymous_13)
FN:200,(anonymous_14)
FN:202,(anonymous_15)
FN:209,(anonymous_16)
FN:221,(anonymous_17)
FN:230,(anonymous_18)
FN:237,(anonymous_19)
FN:239,(anonymous_20)
FN:252,(anonymous_21)
FN:261,(anonymous_22)
FN:271,(anonymous_23)
FN:282,(anonymous_24)
FN:288,(anonymous_25)
FN:290,(anonymous_26)
FN:299,(anonymous_27)
FN:307,(anonymous_28)
FN:313,(anonymous_29)
FN:315,(anonymous_30)
FN:324,(anonymous_31)
FN:337,(anonymous_32)
FN:359,(anonymous_33)
FN:370,(anonymous_34)
FN:378,(anonymous_35)
FN:380,(anonymous_36)
FN:392,(anonymous_37)
FN:394,(anonymous_38)
FN:406,(anonymous_39)
FN:408,(anonymous_40)
FN:410,(anonymous_41)
FN:426,(anonymous_42)
FN:430,(anonymous_43)
FN:431,(anonymous_44)
FN:439,(anonymous_45)
FN:440,(anonymous_46)
FN:451,(anonymous_47)
FN:455,(anonymous_48)
FN:456,(anonymous_49)
FN:464,(anonymous_50)
FN:465,(anonymous_51)
FN:475,(anonymous_52)
FN:479,(anonymous_53)
FN:490,(anonymous_54)
FNF:55
FNH:0
FNDA:0,(anonymous_0)
FNDA:0,(anonymous_1)
FNDA:0,(anonymous_2)
FNDA:0,(anonymous_3)
FNDA:0,(anonymous_4)
FNDA:0,(anonymous_5)
FNDA:0,(anonymous_6)
FNDA:0,(anonymous_7)
FNDA:0,(anonymous_8)
FNDA:0,(anonymous_9)
FNDA:0,(anonymous_10)
FNDA:0,(anonymous_11)
FNDA:0,(anonymous_12)
FNDA:0,(anonymous_13)
FNDA:0,(anonymous_14)
FNDA:0,(anonymous_15)
FNDA:0,(anonymous_16)
FNDA:0,(anonymous_17)
FNDA:0,(anonymous_18)
FNDA:0,(anonymous_19)
FNDA:0,(anonymous_20)
FNDA:0,(anonymous_21)
FNDA:0,(anonymous_22)
FNDA:0,(anonymous_23)
FNDA:0,(anonymous_24)
FNDA:0,(anonymous_25)
FNDA:0,(anonymous_26)
FNDA:0,(anonymous_27)
FNDA:0,(anonymous_28)
FNDA:0,(anonymous_29)
FNDA:0,(anonymous_30)
FNDA:0,(anonymous_31)
FNDA:0,(anonymous_32)
FNDA:0,(anonymous_33)
FNDA:0,(anonymous_34)
FNDA:0,(anonymous_35)
FNDA:0,(anonymous_36)
FNDA:0,(anonymous_37)
FNDA:0,(anonymous_38)
FNDA:0,(anonymous_39)
FNDA:0,(anonymous_40)
FNDA:0,(anonymous_41)
FNDA:0,(anonymous_42)
FNDA:0,(anonymous_43)
FNDA:0,(anonymous_44)
FNDA:0,(anonymous_45)
FNDA:0,(anonymous_46)
FNDA:0,(anonymous_47)
FNDA:0,(anonymous_48)
FNDA:0,(anonymous_49)
FNDA:0,(anonymous_50)
FNDA:0,(anonymous_51)
FNDA:0,(anonymous_52)
FNDA:0,(anonymous_53)
FNDA:0,(anonymous_54)
DA:1,0
DA:2,0
DA:10,0
DA:11,0
DA:12,0
DA:16,0
DA:19,0
DA:21,0
DA:28,0
DA:29,0
DA:30,0
DA:31,0
DA:34,0
DA:35,0
DA:36,0
DA:39,0
DA:41,0
DA:42,0
DA:43,0
DA:46,0
DA:49,0
DA:51,0
DA:65,0
DA:68,0
DA:69,0
DA:70,0
DA:71,0
DA:72,0
DA:73,0
DA:74,0
DA:75,0
DA:77,0
DA:78,0
DA:82,0
DA:84,0
DA:95,0
DA:96,0
DA:99,0
DA:100,0
DA:101,0
DA:103,0
DA:104,0
DA:107,0
DA:109,0
DA:121,0
DA:122,0
DA:133,0
DA:134,0
DA:137,0
DA:138,0
DA:140,0
DA:141,0
DA:142,0
DA:143,0
DA:145,0
DA:146,0
DA:147,0
DA:150,0
DA:151,0
DA:152,0
DA:157,0
DA:158,0
DA:160,0
DA:161,0
DA:165,0
DA:166,0
DA:167,0
DA:170,0
DA:180,0
DA:181,0
DA:184,0
DA:185,0
DA:188,0
DA:191,0
DA:194,0
DA:195,0
DA:196,0
DA:199,0
DA:200,0
DA:202,0
DA:205,0
DA:206,0
DA:209,0
DA:211,0
DA:212,0
DA:222,0
DA:223,0
DA:226,0
DA:227,0
DA:230,0
DA:231,0
DA:232,0
DA:237,0
DA:238,0
DA:239,0
DA:240,0
DA:241,0
DA:246,0
DA:253,0
DA:264,0
DA:274,0
DA:283,0
DA:285,0
DA:286,0
DA:288,0
DA:289,0
DA:290,0
DA:291,0
DA:292,0
DA:293,0
DA:299,0
DA:308,0
DA:310,0
DA:311,0
DA:313,0
DA:314,0
DA:315,0
DA:316,0
DA:317,0
DA:318,0
DA:324,0
DA:344,0
DA:347,0
DA:348,0
DA:349,0
DA:351,0
DA:353,0
DA:355,0
DA:356,0
DA:359,0
DA:369,0
DA:370,0
DA:371,0
DA:372,0
DA:377,0
DA:378,0
DA:379,0
DA:380,0
DA:385,0
DA:393,0
DA:394,0
DA:395,0
DA:396,0
DA:399,0
DA:407,0
DA:408,0
DA:409,0
DA:410,0
DA:411,0
DA:412,0
DA:413,0
DA:418,0
DA:427,0
DA:429,0
DA:430,0
DA:431,0
DA:439,0
DA:440,0
DA:452,0
DA:454,0
DA:455,0
DA:456,0
DA:464,0
DA:465,0
DA:476,0
DA:480,0
DA:491,0
DA:495,0
LF:168
LH:0
BRDA:15,0,0,0
BRDA:29,1,0,0
BRDA:29,1,1,0
BRDA:41,2,0,0
BRDA:41,2,1,0
BRDA:42,3,0,0
BRDA:42,3,1,0
BRDA:43,4,0,0
BRDA:43,4,1,0
BRDA:45,5,0,0
BRDA:45,5,1,0
BRDA:46,6,0,0
BRDA:46,6,1,0
BRDA:48,7,0,0
BRDA:48,7,1,0
BRDA:49,8,0,0
BRDA:49,8,1,0
BRDA:60,9,0,0
BRDA:60,9,1,0
BRDA:61,10,0,0
BRDA:61,10,1,0
BRDA:94,11,0,0
BRDA:95,12,0,0
BRDA:95,12,1,0
BRDA:95,13,0,0
BRDA:95,13,1,0
BRDA:100,14,0,0
BRDA:100,14,1,0
BRDA:146,15,0,0
BRDA:146,15,1,0
BRDA:150,16,0,0
BRDA:150,16,1,0
BRDA:160,17,0,0
BRDA:160,17,1,0
BRDA:179,18,0,0
BRDA:180,19,0,0
BRDA:180,19,1,0
BRDA:180,20,0,0
BRDA:180,20,1,0
BRDA:196,21,0,0
BRDA:196,21,1,0
BRDA:222,22,0,0
BRDA:222,22,1,0
BRDA:222,23,0,0
BRDA:222,23,1,0
BRDA:231,24,0,0
BRDA:231,24,1,0
BRDA:238,25,0,0
BRDA:238,25,1,0
BRDA:240,26,0,0
BRDA:240,26,1,0
BRDA:240,27,0,0
BRDA:240,27,1,0
BRDA:283,28,0,0
BRDA:283,28,1,0
BRDA:283,29,0,0
BRDA:283,29,1,0
BRDA:291,30,0,0
BRDA:291,30,1,0
BRDA:308,31,0,0
BRDA:308,31,1,0
BRDA:308,32,0,0
BRDA:308,32,1,0
BRDA:316,33,0,0
BRDA:316,33,1,0
BRDA:337,34,0,0
BRDA:339,35,0,0
BRDA:340,36,0,0
BRDA:341,37,0,0
BRDA:342,38,0,0
BRDA:343,39,0,0
BRDA:347,40,0,0
BRDA:347,40,1,0
BRDA:347,41,0,0
BRDA:347,41,1,0
BRDA:348,42,0,0
BRDA:348,42,1,0
BRDA:348,43,0,0
BRDA:348,43,1,0
BRDA:349,44,0,0
BRDA:349,44,1,0
BRDA:353,45,0,0
BRDA:353,45,1,0
BRDA:355,46,0,0
BRDA:355,46,1,0
BRDA:361,47,0,0
BRDA:361,47,1,0
BRDA:369,48,0,0
BRDA:369,48,1,0
BRDA:372,49,0,0
BRDA:372,49,1,0
BRDA:377,50,0,0
BRDA:377,50,1,0
BRDA:379,51,0,0
BRDA:379,51,1,0
BRDA:395,52,0,0
BRDA:395,52,1,0
BRDA:395,53,0,0
BRDA:395,53,1,0
BRDA:409,54,0,0
BRDA:409,54,1,0
BRDA:409,55,0,0
BRDA:409,55,1,0
BRDA:412,56,0,0
BRDA:412,56,1,0
BRDA:427,57,0,0
BRDA:427,57,1,0
BRDA:452,58,0,0
BRDA:452,58,1,0
BRDA:478,59,0,0
BRDA:478,59,1,0
BRF:111
BRH:0
end_of_record
TN:
SF:src/managers/TemplateManager.js
FN:10,(anonymous_0)
FN:18,(anonymous_1)
FN:35,(anonymous_2)
FN:68,(anonymous_3)
FN:101,(anonymous_4)
FN:203,(anonymous_5)
FN:317,(anonymous_6)
FN:326,(anonymous_7)
FN:336,(anonymous_8)
FN:372,(anonymous_9)
FN:373,(anonymous_10)
FN:384,(anonymous_11)
FN:393,(anonymous_12)
FN:402,(anonymous_13)
FN:420,(anonymous_14)
FN:439,(anonymous_15)
FNF:16
FNH:0
FNDA:0,(anonymous_0)
FNDA:0,(anonymous_1)
FNDA:0,(anonymous_2)
FNDA:0,(anonymous_3)
FNDA:0,(anonymous_4)
FNDA:0,(anonymous_5)
FNDA:0,(anonymous_6)
FNDA:0,(anonymous_7)
FNDA:0,(anonymous_8)
FNDA:0,(anonymous_9)
FNDA:0,(anonymous_10)
FNDA:0,(anonymous_11)
FNDA:0,(anonymous_12)
FNDA:0,(anonymous_13)
FNDA:0,(anonymous_14)
FNDA:0,(anonymous_15)
DA:1,0
DA:2,0
DA:3,0
DA:11,0
DA:12,0
DA:13,0
DA:14,0
DA:15,0
DA:19,0
DA:22,0
DA:23,0
DA:26,0
DA:27,0
DA:29,0
DA:36,0
DA:38,0
DA:41,0
DA:43,0
DA:45,0
DA:46,0
DA:47,0
DA:48,0
DA:49,0
DA:51,0
DA:59,0
DA:61,0
DA:69,0
DA:71,0
DA:74,0
DA:76,0
DA:78,0
DA:79,0
DA:80,0
DA:81,0
DA:82,0
DA:84,0
DA:92,0
DA:94,0
DA:102,0
DA:186,0
DA:187,0
DA:189,0
DA:190,0
DA:194,0
DA:195,0
DA:204,0
DA:301,0
DA:303,0
DA:304,0
DA:308,0
DA:309,0
DA:318,0
DA:327,0
DA:337,0
DA:338,0
DA:339,0
DA:342,0
DA:345,0
DA:357,0
DA:360,0
DA:361,0
DA:362,0
DA:365,0
DA:373,0
DA:374,0
DA:375,0
DA:376,0
DA:385,0
DA:394,0
DA:403,0
DA:404,0
DA:406,0
DA:412,0
DA:421,0
DA:422,0
DA:424,0
DA:430,0
DA:440,0
DA:443,0
DA:444,0
DA:445,0
DA:447,0
DA:448,0
DA:453,0
DA:454,0
DA:455,0
DA:456,0
DA:458,0
DA:459,0
DA:461,0
DA:462,0
DA:467,0
DA:468,0
DA:471,0
DA:475,0
LF:95
LH:0
BRDA:18,0,0,0
BRDA:22,1,0,0
BRDA:22,1,1,0
BRDA:23,2,0,0
BRDA:23,2,1,0
BRDA:46,3,0,0
BRDA:46,3,1,0
BRDA:79,4,0,0
BRDA:79,4,1,0
BRDA:327,5,0,0
BRDA:327,5,1,0
BRDA:336,6,0,0
BRDA:338,7,0,0
BRDA:338,7,1,0
BRDA:349,8,0,0
BRDA:349,8,1,0
BRDA:350,9,0,0
BRDA:350,9,1,0
BRDA:351,10,0,0
BRDA:351,10,1,0
BRDA:353,11,0,0
BRDA:353,11,1,0
BRDA:375,12,0,0
BRDA:375,12,1,0
BRDA:394,13,0,0
BRDA:394,13,1,0
BRDA:443,14,0,0
BRDA:443,14,1,0
BRDA:444,15,0,0
BRDA:444,15,1,0
BRDA:447,16,0,0
BRDA:447,16,1,0
BRDA:453,17,0,0
BRDA:453,17,1,0
BRDA:455,18,0,0
BRDA:455,18,1,0
BRDA:455,19,0,0
BRDA:455,19,1,0
BRDA:458,20,0,0
BRDA:458,20,1,0
BRDA:458,21,0,0
BRDA:458,21,1,0
BRDA:461,22,0,0
BRDA:461,22,1,0
BRDA:461,23,0,0
BRDA:461,23,1,0
BRDA:461,23,2,0
BRDA:467,24,0,0
BRDA:467,24,1,0
BRF:49
BRH:0
end_of_record
TN:
SF:src/managers/UserManager.js
FN:11,(anonymous_0)
FN:24,(anonymous_1)
FN:47,(anonymous_2)
FN:80,(anonymous_3)
FN:133,(anonymous_4)
FN:150,(anonymous_5)
FN:163,(anonymous_6)
FN:183,(anonymous_7)
FN:210,(anonymous_8)
FN:220,(anonymous_9)
FN:227,(anonymous_10)
FN:254,(anonymous_11)
FN:303,(anonymous_12)
FN:330,(anonymous_13)
FN:350,(anonymous_14)
FN:371,(anonymous_15)
FN:382,(anonymous_16)
FN:416,(anonymous_17)
FN:439,(anonymous_18)
FN:451,(anonymous_19)
FN:490,(anonymous_20)
FN:515,(anonymous_21)
FN:543,(anonymous_22)
FN:544,(anonymous_23)
FN:555,(anonymous_24)
FN:569,(anonymous_25)
FN:577,(anonymous_26)
FN:586,(anonymous_27)
FN:594,(anonymous_28)
FN:623,(anonymous_29)
FN:658,(anonymous_30)
FN:702,(anonymous_31)
FN:729,(anonymous_32)
FN:770,(anonymous_33)
FN:818,(anonymous_34)
FN:851,(anonymous_35)
FN:854,(anonymous_36)
FN:869,(anonymous_37)
FN:870,(anonymous_38)
FN:898,(anonymous_39)
FN:912,(anonymous_40)
FN:928,(anonymous_41)
FNF:42
FNH:0
FNDA:0,(anonymous_0)
FNDA:0,(anonymous_1)
FNDA:0,(anonymous_2)
FNDA:0,(anonymous_3)
FNDA:0,(anonymous_4)
FNDA:0,(anonymous_5)
FNDA:0,(anonymous_6)
FNDA:0,(anonymous_7)
FNDA:0,(anonymous_8)
FNDA:0,(anonymous_9)
FNDA:0,(anonymous_10)
FNDA:0,(anonymous_11)
FNDA:0,(anonymous_12)
FNDA:0,(anonymous_13)
FNDA:0,(anonymous_14)
FNDA:0,(anonymous_15)
FNDA:0,(anonymous_16)
FNDA:0,(anonymous_17)
FNDA:0,(anonymous_18)
FNDA:0,(anonymous_19)
FNDA:0,(anonymous_20)
FNDA:0,(anonymous_21)
FNDA:0,(anonymous_22)
FNDA:0,(anonymous_23)
FNDA:0,(anonymous_24)
FNDA:0,(anonymous_25)
FNDA:0,(anonymous_26)
FNDA:0,(anonymous_27)
FNDA:0,(anonymous_28)
FNDA:0,(anonymous_29)
FNDA:0,(anonymous_30)
FNDA:0,(anonymous_31)
FNDA:0,(anonymous_32)
FNDA:0,(anonymous_33)
FNDA:0,(anonymous_34)
FNDA:0,(anonymous_35)
FNDA:0,(anonymous_36)
FNDA:0,(anonymous_37)
FNDA:0,(anonymous_38)
FNDA:0,(anonymous_39)
FNDA:0,(anonymous_40)
FNDA:0,(anonymous_41)
DA:1,0
DA:2,0
DA:3,0
DA:4,0
DA:12,0
DA:13,0
DA:14,0
DA:15,0
DA:16,0
DA:17,0
DA:20,0
DA:21,0
DA:25,0
DA:27,0
DA:30,0
DA:33,0
DA:34,0
DA:37,0
DA:38,0
DA:41,0
DA:48,0
DA:72,0
DA:73,0
DA:81,0
DA:125,0
DA:126,0
DA:134,0
DA:135,0
DA:136,0
DA:137,0
DA:139,0
DA:140,0
DA:143,0
DA:151,0
DA:152,0
DA:153,0
DA:154,0
DA:156,0
DA:164,0
DA:165,0
DA:166,0
DA:167,0
DA:170,0
DA:171,0
DA:173,0
DA:184,0
DA:185,0
DA:186,0
DA:189,0
DA:190,0
DA:191,0
DA:198,0
DA:199,0
DA:201,0
DA:211,0
DA:221,0
DA:228,0
DA:243,0
DA:244,0
DA:246,0
DA:255,0
DA:257,0
DA:259,0
DA:261,0
DA:277,0
DA:278,0
DA:281,0
DA:282,0
DA:283,0
DA:284,0
DA:285,0
DA:287,0
DA:290,0
DA:293,0
DA:294,0
DA:304,0
DA:305,0
DA:306,0
DA:309,0
DA:310,0
DA:311,0
DA:315,0
DA:316,0
DA:317,0
DA:320,0
DA:321,0
DA:322,0
DA:331,0
DA:332,0
DA:341,0
DA:342,0
DA:351,0
DA:352,0
DA:353,0
DA:357,0
DA:358,0
DA:359,0
DA:363,0
DA:364,0
DA:372,0
DA:373,0
DA:384,0
DA:385,0
DA:386,0
DA:390,0
DA:391,0
DA:392,0
DA:395,0
DA:396,0
DA:397,0
DA:401,0
DA:402,0
DA:403,0
DA:404,0
DA:408,0
DA:418,0
DA:419,0
DA:420,0
DA:424,0
DA:425,0
DA:426,0
DA:429,0
DA:430,0
DA:431,0
DA:434,0
DA:436,0
DA:437,0
DA:438,0
DA:439,0
DA:443,0
DA:452,0
DA:454,0
DA:455,0
DA:458,0
DA:460,0
DA:475,0
DA:476,0
DA:478,0
DA:481,0
DA:482,0
DA:491,0
DA:492,0
DA:493,0
DA:497,0
DA:498,0
DA:499,0
DA:501,0
DA:504,0
DA:505,0
DA:507,0
DA:508,0
DA:516,0
DA:517,0
DA:518,0
DA:521,0
DA:522,0
DA:525,0
DA:526,0
DA:529,0
DA:530,0
DA:531,0
DA:535,0
DA:536,0
DA:544,0
DA:545,0
DA:546,0
DA:556,0
DA:557,0
DA:558,0
DA:561,0
DA:562,0
DA:570,0
DA:578,0
DA:587,0
DA:595,0
DA:597,0
DA:598,0
DA:601,0
DA:610,0
DA:611,0
DA:613,0
DA:614,0
DA:624,0
DA:625,0
DA:626,0
DA:627,0
DA:628,0
DA:632,0
DA:640,0
DA:643,0
DA:645,0
DA:646,0
DA:648,0
DA:649,0
DA:660,0
DA:661,0
DA:662,0
DA:663,0
DA:664,0
DA:665,0
DA:666,0
DA:671,0
DA:672,0
DA:673,0
DA:675,0
DA:676,0
DA:677,0
DA:680,0
DA:681,0
DA:683,0
DA:684,0
DA:685,0
DA:690,0
DA:691,0
DA:694,0
DA:703,0
DA:705,0
DA:706,0
DA:708,0
DA:711,0
DA:712,0
DA:716,0
DA:719,0
DA:720,0
DA:739,0
DA:742,0
DA:745,0
DA:748,0
DA:760,0
DA:761,0
DA:772,0
DA:773,0
DA:774,0
DA:775,0
DA:776,0
DA:777,0
DA:778,0
DA:779,0
DA:780,0
DA:784,0
DA:796,0
DA:797,0
DA:798,0
DA:799,0
DA:800,0
DA:805,0
DA:806,0
DA:809,0
DA:819,0
DA:820,0
DA:821,0
DA:824,0
DA:825,0
DA:835,0
DA:836,0
DA:838,0
DA:840,0
DA:842,0
DA:843,0
DA:852,0
DA:853,0
DA:854,0
DA:855,0
DA:856,0
DA:857,0
DA:861,0
DA:870,0
DA:871,0
DA:873,0
DA:874,0
DA:878,0
DA:879,0
DA:880,0
DA:888,0
DA:889,0
DA:899,0
DA:913,0
DA:929,0
DA:930,0
DA:931,0
DA:933,0
DA:937,0
LF:282
LH:0
BRDA:24,0,0,0
BRDA:27,1,0,0
BRDA:27,1,1,0
BRDA:37,2,0,0
BRDA:37,2,1,0
BRDA:183,3,0,0
BRDA:190,4,0,0
BRDA:190,4,1,0
BRDA:190,5,0,0
BRDA:190,5,1,0
BRDA:193,6,0,0
BRDA:193,6,1,0
BRDA:255,7,0,0
BRDA:259,8,0,0
BRDA:259,8,1,0
BRDA:264,9,0,0
BRDA:264,9,1,0
BRDA:282,10,0,0
BRDA:282,10,1,0
BRDA:285,11,0,0
BRDA:285,11,1,0
BRDA:305,12,0,0
BRDA:305,12,1,0
BRDA:305,13,0,0
BRDA:305,13,1,0
BRDA:310,14,0,0
BRDA:310,14,1,0
BRDA:316,15,0,0
BRDA:316,15,1,0
BRDA:352,16,0,0
BRDA:352,16,1,0
BRDA:357,17,0,0
BRDA:357,17,1,0
BRDA:384,18,0,0
BRDA:384,18,1,0
BRDA:384,19,0,0
BRDA:384,19,1,0
BRDA:386,20,0,0
BRDA:386,20,1,0
BRDA:390,21,0,0
BRDA:390,21,1,0
BRDA:392,22,0,0
BRDA:392,22,1,0
BRDA:396,23,0,0
BRDA:396,23,1,0
BRDA:396,24,0,0
BRDA:396,24,1,0
BRDA:403,25,0,0
BRDA:403,25,1,0
BRDA:403,26,0,0
BRDA:403,26,1,0
BRDA:418,27,0,0
BRDA:418,27,1,0
BRDA:418,28,0,0
BRDA:418,28,1,0
BRDA:420,29,0,0
BRDA:420,29,1,0
BRDA:424,30,0,0
BRDA:424,30,1,0
BRDA:426,31,0,0
BRDA:426,31,1,0
BRDA:430,32,0,0
BRDA:430,32,1,0
BRDA:430,33,0,0
BRDA:430,33,1,0
BRDA:438,34,0,0
BRDA:438,34,1,0
BRDA:452,35,0,0
BRDA:452,36,0,0
BRDA:454,37,0,0
BRDA:454,37,1,0
BRDA:458,38,0,0
BRDA:458,38,1,0
BRDA:463,39,0,0
BRDA:463,39,1,0
BRDA:478,40,0,0
BRDA:478,40,1,0
BRDA:492,41,0,0
BRDA:492,41,1,0
BRDA:497,42,0,0
BRDA:497,42,1,0
BRDA:498,43,0,0
BRDA:498,43,1,0
BRDA:517,44,0,0
BRDA:517,44,1,0
BRDA:521,45,0,0
BRDA:521,45,1,0
BRDA:530,46,0,0
BRDA:530,46,1,0
BRDA:557,47,0,0
BRDA:557,47,1,0
BRDA:587,48,0,0
BRDA:587,48,1,0
BRDA:595,49,0,0
BRDA:597,50,0,0
BRDA:597,50,1,0
BRDA:603,51,0,0
BRDA:603,51,1,0
BRDA:626,52,0,0
BRDA:626,52,1,0
BRDA:634,53,0,0
BRDA:634,53,1,0
BRDA:635,54,0,0
BRDA:635,54,1,0
BRDA:636,55,0,0
BRDA:636,55,1,0
BRDA:661,56,0,0
BRDA:661,56,1,0
BRDA:661,57,0,0
BRDA:661,57,1,0
BRDA:664,58,0,0
BRDA:664,58,1,0
BRDA:671,59,0,0
BRDA:671,59,1,0
BRDA:675,60,0,0
BRDA:675,60,1,0
BRDA:681,61,0,0
BRDA:681,61,1,0
BRDA:683,62,0,0
BRDA:683,62,1,0
BRDA:683,63,0,0
BRDA:683,63,1,0
BRDA:690,64,0,0
BRDA:690,64,1,0
BRDA:706,65,0,0
BRDA:706,65,1,0
BRDA:711,66,0,0
BRDA:711,66,1,0
BRDA:711,67,0,0
BRDA:711,67,1,0
BRDA:742,68,0,0
BRDA:742,68,1,0
BRDA:742,68,2,0
BRDA:751,69,0,0
BRDA:751,69,1,0
BRDA:751,69,2,0
BRDA:751,70,0,0
BRDA:751,70,1,0
BRDA:751,71,0,0
BRDA:751,71,1,0
BRDA:755,72,0,0
BRDA:755,72,1,0
BRDA:773,73,0,0
BRDA:773,73,1,0
BRDA:775,74,0,0
BRDA:775,74,1,0
BRDA:777,75,0,0
BRDA:777,75,1,0
BRDA:779,76,0,0
BRDA:779,76,1,0
BRDA:799,77,0,0
BRDA:799,77,1,0
BRDA:799,78,0,0
BRDA:799,78,1,0
BRDA:805,79,0,0
BRDA:805,79,1,0
BRDA:818,80,0,0
BRDA:820,81,0,0
BRDA:820,81,1,0
BRDA:835,82,0,0
BRDA:835,82,1,0
BRDA:853,83,0,0
BRDA:853,83,1,0
BRDA:854,84,0,0
BRDA:854,84,1,0
BRDA:855,85,0,0
BRDA:855,85,1,0
BRDA:869,86,0,0
BRDA:873,87,0,0
BRDA:873,87,1,0
BRDA:879,88,0,0
BRDA:879,88,1,0
BRDA:930,89,0,0
BRDA:930,89,1,0
BRDA:930,90,0,0
BRDA:930,90,1,0
BRF:176
BRH:0
end_of_record
TN:
SF:src/managers/ValidationManager.js
FN:10,(anonymous_0)
FN:18,(anonymous_1)
FN:29,(anonymous_2)
FN:56,(anonymous_3)
FN:137,(anonymous_4)
FN:149,(anonymous_5)
FN:198,(anonymous_6)
FN:225,(anonymous_7)
FN:244,(anonymous_8)
FN:257,(anonymous_9)
FN:270,(anonymous_10)
FN:288,(anonymous_11)
FNF:12
FNH:0
FNDA:0,(anonymous_0)
FNDA:0,(anonymous_1)
FNDA:0,(anonymous_2)
FNDA:0,(anonymous_3)
FNDA:0,(anonymous_4)
FNDA:0,(anonymous_5)
FNDA:0,(anonymous_6)
FNDA:0,(anonymous_7)
FNDA:0,(anonymous_8)
FNDA:0,(anonymous_9)
FNDA:0,(anonymous_10)
FNDA:0,(anonymous_11)
DA:1,0
DA:2,0
DA:3,0
DA:11,0
DA:12,0
DA:13,0
DA:19,0
DA:20,0
DA:21,0
DA:30,0
DA:33,0
DA:36,0
DA:37,0
DA:38,0
DA:42,0
DA:43,0
DA:44,0
DA:47,0
DA:48,0
DA:57,0
DA:59,0
DA:60,0
DA:61,0
DA:65,0
DA:66,0
DA:67,0
DA:68,0
DA:73,0
DA:76,0
DA:77,0
DA:81,0
DA:82,0
DA:86,0
DA:87,0
DA:91,0
DA:92,0
DA:93,0
DA:94,0
DA:95,0
DA:100,0
DA:101,0
DA:102,0
DA:103,0
DA:104,0
DA:106,0
DA:107,0
DA:108,0
DA:109,0
DA:116,0
DA:117,0
DA:118,0
DA:119,0
DA:123,0
DA:124,0
DA:125,0
DA:128,0
DA:129,0
DA:139,0
DA:150,0
DA:159,0
DA:160,0
DA:161,0
DA:162,0
DA:163,0
DA:167,0
DA:168,0
DA:169,0
DA:171,0
DA:172,0
DA:173,0
DA:177,0
DA:178,0
DA:179,0
DA:180,0
DA:184,0
DA:185,0
DA:186,0
DA:189,0
DA:190,0
DA:199,0
DA:201,0
DA:202,0
DA:203,0
DA:207,0
DA:208,0
DA:212,0
DA:213,0
DA:216,0
DA:226,0
DA:227,0
DA:228,0
DA:245,0
DA:258,0
DA:259,0
DA:261,0
DA:271,0
DA:272,0
DA:275,0
DA:276,0
DA:279,0
DA:289,0
DA:295,0
DA:296,0
DA:300,0
DA:301,0
DA:302,0
DA:306,0
DA:307,0
DA:310,0
DA:311,0
DA:314,0
DA:318,0
DA:319,0
DA:322,0
DA:323,0
DA:326,0
DA:330,0
LF:117
LH:0
BRDA:18,0,0,0
BRDA:20,1,0,0
BRDA:20,1,1,0
BRDA:21,2,0,0
BRDA:21,2,1,0
BRDA:36,3,0,0
BRDA:36,3,1,0
BRDA:42,4,0,0
BRDA:42,4,1,0
BRDA:59,5,0,0
BRDA:59,5,1,0
BRDA:59,6,0,0
BRDA:59,6,1,0
BRDA:66,7,0,0
BRDA:66,7,1,0
BRDA:76,8,0,0
BRDA:76,8,1,0
BRDA:76,9,0,0
BRDA:76,9,1,0
BRDA:76,9,2,0
BRDA:81,10,0,0
BRDA:81,10,1,0
BRDA:81,11,0,0
BRDA:81,11,1,0
BRDA:86,12,0,0
BRDA:86,12,1,0
BRDA:86,13,0,0
BRDA:86,13,1,0
BRDA:86,13,2,0
BRDA:91,14,0,0
BRDA:91,14,1,0
BRDA:92,15,0,0
BRDA:92,15,1,0
BRDA:94,16,0,0
BRDA:94,16,1,0
BRDA:100,17,0,0
BRDA:100,17,1,0
BRDA:101,18,0,0
BRDA:101,18,1,0
BRDA:103,19,0,0
BRDA:103,19,1,0
BRDA:107,20,0,0
BRDA:107,20,1,0
BRDA:107,21,0,0
BRDA:107,21,1,0
BRDA:116,22,0,0
BRDA:116,22,1,0
BRDA:118,23,0,0
BRDA:118,23,1,0
BRDA:123,24,0,0
BRDA:123,24,1,0
BRDA:149,25,0,0
BRDA:161,26,0,0
BRDA:161,26,1,0
BRDA:169,27,0,0
BRDA:169,27,1,0
BRDA:171,28,0,0
BRDA:171,28,1,0
BRDA:178,29,0,0
BRDA:178,29,1,0
BRDA:184,30,0,0
BRDA:184,30,1,0
BRDA:186,31,0,0
BRDA:186,31,1,0
BRDA:201,32,0,0
BRDA:201,32,1,0
BRDA:201,33,0,0
BRDA:201,33,1,0
BRDA:207,34,0,0
BRDA:207,34,1,0
BRDA:212,35,0,0
BRDA:212,35,1,0
BRDA:225,36,0,0
BRDA:226,37,0,0
BRDA:226,37,1,0
BRDA:227,38,0,0
BRDA:227,38,1,0
BRDA:230,39,0,0
BRDA:230,39,1,0
BRDA:231,40,0,0
BRDA:231,40,1,0
BRDA:231,40,2,0
BRDA:258,41,0,0
BRDA:258,41,1,0
BRDA:275,42,0,0
BRDA:275,42,1,0
BRDA:295,43,0,0
BRDA:295,43,1,0
BRDA:295,44,0,0
BRDA:295,44,1,0
BRDA:301,45,0,0
BRDA:301,45,1,0
BRDA:306,46,0,0
BRDA:306,46,1,0
BRDA:310,47,0,0
BRDA:310,47,1,0
BRDA:314,48,0,0
BRDA:314,48,1,0
BRDA:318,49,0,0
BRDA:318,49,1,0
BRDA:322,50,0,0
BRDA:322,50,1,0
BRF:102
BRH:0
end_of_record
TN:
SF:src/routes/WikiRoutes.js
FN:9,(anonymous_0)
FN:18,(anonymous_1)
FN:39,(anonymous_2)
FN:90,(anonymous_3)
FN:109,(anonymous_4)
FN:121,(anonymous_5)
FN:155,(anonymous_6)
FN:190,(anonymous_7)
FN:228,(anonymous_8)
FN:278,(anonymous_9)
FN:306,(anonymous_10)
FN:339,(anonymous_11)
FN:358,(anonymous_12)
FN:371,(anonymous_13)
FN:390,(anonymous_14)
FN:414,(anonymous_15)
FN:440,(anonymous_16)
FN:462,(anonymous_17)
FN:574,(anonymous_18)
FN:631,(anonymous_19)
FN:651,(anonymous_20)
FN:671,(anonymous_21)
FN:744,(anonymous_22)
FN:830,(anonymous_23)
FN:908,(anonymous_24)
FN:977,(anonymous_25)
FN:984,(anonymous_26)
FN:988,(anonymous_27)
FN:993,(anonymous_28)
FN:1066,(anonymous_29)
FN:1084,(anonymous_30)
FN:1100,(anonymous_31)
FN:1108,(anonymous_32)
FN:1136,(anonymous_33)
FN:1185,(anonymous_34)
FN:1215,(anonymous_35)
FN:1253,(anonymous_36)
FN:1307,(anonymous_37)
FN:1328,(anonymous_38)
FN:1348,(anonymous_39)
FN:1368,(anonymous_40)
FN:1389,(anonymous_41)
FN:1395,(anonymous_42)
FN:1411,(anonymous_43)
FN:1440,(anonymous_44)
FN:1479,(anonymous_45)
FN:1500,(anonymous_46)
FN:1532,(anonymous_47)
FN:1551,(anonymous_48)
FN:1591,(anonymous_49)
FN:1629,(anonymous_50)
FN:1682,(anonymous_51)
FN:1736,(anonymous_52)
FN:1799,(anonymous_53)
FN:1828,(anonymous_54)
FN:1859,(anonymous_55)
FN:1892,(anonymous_56)
FN:1920,(anonymous_57)
FN:1946,(anonymous_58)
FN:1965,(anonymous_59)
FN:1977,(anonymous_60)
FN:2012,(anonymous_61)
FN:2050,(anonymous_62)
FN:2061,(anonymous_63)
FN:2073,(anonymous_64)
FN:2077,(anonymous_65)
FN:2087,(anonymous_66)
FN:2175,(anonymous_67)
FN:2202,(anonymous_68)
FN:2245,(anonymous_69)
FN:2277,(anonymous_70)
FN:2312,(anonymous_71)
FN:2344,(anonymous_72)
FN:2370,(anonymous_73)
FN:2402,(anonymous_74)
FN:2434,(anonymous_75)
FNF:76
FNH:0
FNDA:0,(anonymous_0)
FNDA:0,(anonymous_1)
FNDA:0,(anonymous_2)
FNDA:0,(anonymous_3)
FNDA:0,(anonymous_4)
FNDA:0,(anonymous_5)
FNDA:0,(anonymous_6)
FNDA:0,(anonymous_7)
FNDA:0,(anonymous_8)
FNDA:0,(anonymous_9)
FNDA:0,(anonymous_10)
FNDA:0,(anonymous_11)
FNDA:0,(anonymous_12)
FNDA:0,(anonymous_13)
FNDA:0,(anonymous_14)
FNDA:0,(anonymous_15)
FNDA:0,(anonymous_16)
FNDA:0,(anonymous_17)
FNDA:0,(anonymous_18)
FNDA:0,(anonymous_19)
FNDA:0,(anonymous_20)
FNDA:0,(anonymous_21)
FNDA:0,(anonymous_22)
FNDA:0,(anonymous_23)
FNDA:0,(anonymous_24)
FNDA:0,(anonymous_25)
FNDA:0,(anonymous_26)
FNDA:0,(anonymous_27)
FNDA:0,(anonymous_28)
FNDA:0,(anonymous_29)
FNDA:0,(anonymous_30)
FNDA:0,(anonymous_31)
FNDA:0,(anonymous_32)
FNDA:0,(anonymous_33)
FNDA:0,(anonymous_34)
FNDA:0,(anonymous_35)
FNDA:0,(anonymous_36)
FNDA:0,(anonymous_37)
FNDA:0,(anonymous_38)
FNDA:0,(anonymous_39)
FNDA:0,(anonymous_40)
FNDA:0,(anonymous_41)
FNDA:0,(anonymous_42)
FNDA:0,(anonymous_43)
FNDA:0,(anonymous_44)
FNDA:0,(anonymous_45)
FNDA:0,(anonymous_46)
FNDA:0,(anonymous_47)
FNDA:0,(anonymous_48)
FNDA:0,(anonymous_49)
FNDA:0,(anonymous_50)
FNDA:0,(anonymous_51)
FNDA:0,(anonymous_52)
FNDA:0,(anonymous_53)
FNDA:0,(anonymous_54)
FNDA:0,(anonymous_55)
FNDA:0,(anonymous_56)
FNDA:0,(anonymous_57)
FNDA:0,(anonymous_58)
FNDA:0,(anonymous_59)
FNDA:0,(anonymous_60)
FNDA:0,(anonymous_61)
FNDA:0,(anonymous_62)
FNDA:0,(anonymous_63)
FNDA:0,(anonymous_64)
FNDA:0,(anonymous_65)
FNDA:0,(anonymous_66)
FNDA:0,(anonymous_67)
FNDA:0,(anonymous_68)
FNDA:0,(anonymous_69)
FNDA:0,(anonymous_70)
FNDA:0,(anonymous_71)
FNDA:0,(anonymous_72)
FNDA:0,(anonymous_73)
FNDA:0,(anonymous_74)
FNDA:0,(anonymous_75)
DA:5,0
DA:6,0
DA:10,0
DA:19,0
DA:26,0
DA:27,0
DA:29,0
DA:30,0
DA:32,0
DA:40,0
DA:41,0
DA:44,0
DA:45,0
DA:46,0
DA:47,0
DA:48,0
DA:49,0
DA:52,0
DA:53,0
DA:56,0
DA:58,0
DA:64,0
DA:65,0
DA:66,0
DA:67,0
DA:68,0
DA:69,0
DA:72,0
DA:73,0
DA:76,0
DA:79,0
DA:91,0
DA:92,0
DA:95,0
DA:97,0
DA:110,0
DA:122,0
DA:123,0
DA:124,0
DA:126,0
DA:127,0
DA:131,0
DA:132,0
DA:134,0
DA:135,0
DA:136,0
DA:137,0
DA:139,0
DA:140,0
DA:145,0
DA:147,0
DA:148,0
DA:156,0
DA:157,0
DA:158,0
DA:160,0
DA:161,0
DA:165,0
DA:166,0
DA:168,0
DA:169,0
DA:170,0
DA:171,0
DA:176,0
DA:177,0
DA:180,0
DA:182,0
DA:183,0
DA:191,0
DA:192,0
DA:193,0
DA:194,0
DA:195,0
DA:197,0
DA:198,0
DA:199,0
DA:200,0
DA:201,0
DA:203,0
DA:204,0
DA:206,0
DA:208,0
DA:209,0
DA:210,0
DA:211,0
DA:212,0
DA:213,0
DA:218,0
DA:220,0
DA:221,0
DA:229,0
DA:230,0
DA:231,0
DA:232,0
DA:234,0
DA:236,0
DA:237,0
DA:238,0
DA:242,0
DA:243,0
DA:244,0
DA:245,0
DA:246,0
DA:248,0
DA:249,0
DA:251,0
DA:253,0
DA:254,0
DA:255,0
DA:256,0
DA:257,0
DA:258,0
DA:259,0
DA:264,0
DA:265,0
DA:267,0
DA:268,0
DA:279,0
DA:280,0
DA:281,0
DA:284,0
DA:285,0
DA:287,0
DA:294,0
DA:296,0
DA:297,0
DA:307,0
DA:308,0
DA:309,0
DA:313,0
DA:314,0
DA:315,0
DA:317,0
DA:320,0
DA:335,0
DA:336,0
DA:337,0
DA:339,0
DA:340,0
DA:341,0
DA:345,0
DA:351,0
DA:358,0
DA:359,0
DA:363,0
DA:364,0
DA:372,0
DA:373,0
DA:374,0
DA:381,0
DA:382,0
DA:392,0
DA:393,0
DA:394,0
DA:398,0
DA:399,0
DA:400,0
DA:401,0
DA:402,0
DA:405,0
DA:408,0
DA:415,0
DA:416,0
DA:417,0
DA:420,0
DA:421,0
DA:422,0
DA:426,0
DA:429,0
DA:432,0
DA:433,0
DA:442,0
DA:443,0
DA:444,0
DA:447,0
DA:448,0
DA:449,0
DA:450,0
DA:451,0
DA:452,0
DA:453,0
DA:454,0
DA:456,0
DA:463,0
DA:464,0
DA:465,0
DA:466,0
DA:467,0
DA:468,0
DA:470,0
DA:473,0
DA:474,0
DA:476,0
DA:480,0
DA:481,0
DA:482,0
DA:495,0
DA:496,0
DA:500,0
DA:501,0
DA:506,0
DA:509,0
DA:512,0
DA:515,0
DA:518,0
DA:521,0
DA:522,0
DA:525,0
DA:537,0
DA:539,0
DA:556,0
DA:557,0
DA:558,0
DA:559,0
DA:575,0
DA:576,0
DA:577,0
DA:578,0
DA:580,0
DA:581,0
DA:584,0
DA:585,0
DA:586,0
DA:590,0
DA:591,0
DA:592,0
DA:595,0
DA:597,0
DA:598,0
DA:601,0
DA:604,0
DA:607,0
DA:608,0
DA:610,0
DA:611,0
DA:613,0
DA:623,0
DA:624,0
DA:632,0
DA:633,0
DA:634,0
DA:637,0
DA:638,0
DA:642,0
DA:643,0
DA:647,0
DA:648,0
DA:651,0
DA:654,0
DA:656,0
DA:663,0
DA:664,0
DA:672,0
DA:673,0
DA:674,0
DA:677,0
DA:678,0
DA:682,0
DA:683,0
DA:686,0
DA:688,0
DA:689,0
DA:693,0
DA:694,0
DA:695,0
DA:697,0
DA:698,0
DA:701,0
DA:702,0
DA:705,0
DA:706,0
DA:707,0
DA:711,0
DA:719,0
DA:722,0
DA:728,0
DA:731,0
DA:732,0
DA:733,0
DA:734,0
DA:737,0
DA:740,0
DA:741,0
DA:745,0
DA:746,0
DA:747,0
DA:748,0
DA:749,0
DA:752,0
DA:755,0
DA:758,0
DA:759,0
DA:760,0
DA:764,0
DA:765,0
DA:766,0
DA:770,0
DA:771,0
DA:776,0
DA:777,0
DA:783,0
DA:786,0
DA:787,0
DA:788,0
DA:791,0
DA:792,0
DA:796,0
DA:797,0
DA:801,0
DA:802,0
DA:805,0
DA:807,0
DA:809,0
DA:822,0
DA:823,0
DA:832,0
DA:833,0
DA:835,0
DA:836,0
DA:837,0
DA:838,0
DA:840,0
DA:841,0
DA:842,0
DA:843,0
DA:844,0
DA:845,0
DA:848,0
DA:851,0
DA:854,0
DA:855,0
DA:856,0
DA:859,0
DA:860,0
DA:861,0
DA:865,0
DA:870,0
DA:871,0
DA:873,0
DA:876,0
DA:877,0
DA:878,0
DA:879,0
DA:880,0
DA:884,0
DA:885,0
DA:886,0
DA:892,0
DA:895,0
DA:896,0
DA:898,0
DA:900,0
DA:901,0
DA:909,0
DA:910,0
DA:911,0
DA:913,0
DA:914,0
DA:915,0
DA:916,0
DA:917,0
DA:920,0
DA:923,0
DA:924,0
DA:925,0
DA:926,0
DA:930,0
DA:931,0
DA:932,0
DA:936,0
DA:937,0
DA:941,0
DA:942,0
DA:947,0
DA:950,0
DA:951,0
DA:953,0
DA:955,0
DA:956,0
DA:957,0
DA:959,0
DA:962,0
DA:964,0
DA:965,0
DA:969,0
DA:970,0
DA:978,0
DA:979,0
DA:982,0
DA:983,0
DA:984,0
DA:986,0
DA:987,0
DA:988,0
DA:991,0
DA:992,0
DA:993,0
DA:994,0
DA:996,0
DA:999,0
DA:1001,0
DA:1002,0
DA:1005,0
DA:1006,0
DA:1008,0
DA:1011,0
DA:1012,0
DA:1014,0
DA:1017,0
DA:1020,0
DA:1027,0
DA:1032,0
DA:1033,0
DA:1036,0
DA:1037,0
DA:1038,0
DA:1040,0
DA:1058,0
DA:1059,0
DA:1067,0
DA:1068,0
DA:1069,0
DA:1071,0
DA:1073,0
DA:1076,0
DA:1077,0
DA:1085,0
DA:1086,0
DA:1087,0
DA:1089,0
DA:1092,0
DA:1093,0
DA:1102,0
DA:1109,0
DA:1110,0
DA:1111,0
DA:1112,0
DA:1115,0
DA:1117,0
DA:1119,0
DA:1125,0
DA:1126,0
DA:1137,0
DA:1138,0
DA:1139,0
DA:1140,0
DA:1141,0
DA:1144,0
DA:1145,0
DA:1146,0
DA:1153,0
DA:1154,0
DA:1155,0
DA:1161,0
DA:1162,0
DA:1165,0
DA:1167,0
DA:1174,0
DA:1175,0
DA:1186,0
DA:1187,0
DA:1188,0
DA:1192,0
DA:1194,0
DA:1204,0
DA:1205,0
DA:1216,0
DA:1217,0
DA:1218,0
DA:1219,0
DA:1220,0
DA:1223,0
DA:1224,0
DA:1225,0
DA:1228,0
DA:1229,0
DA:1230,0
DA:1234,0
DA:1235,0
DA:1236,0
DA:1237,0
DA:1240,0
DA:1241,0
DA:1242,0
DA:1245,0
DA:1246,0
DA:1254,0
DA:1255,0
DA:1256,0
DA:1257,0
DA:1258,0
DA:1261,0
DA:1262,0
DA:1263,0
DA:1270,0
DA:1271,0
DA:1272,0
DA:1279,0
DA:1280,0
DA:1281,0
DA:1282,0
DA:1288,0
DA:1290,0
DA:1296,0
DA:1297,0
DA:1308,0
DA:1309,0
DA:1310,0
DA:1311,0
DA:1313,0
DA:1320,0
DA:1321,0
DA:1329,0
DA:1330,0
DA:1331,0
DA:1333,0
DA:1335,0
DA:1336,0
DA:1337,0
DA:1340,0
DA:1341,0
DA:1349,0
DA:1350,0
DA:1351,0
DA:1353,0
DA:1355,0
DA:1356,0
DA:1357,0
DA:1360,0
DA:1361,0
DA:1369,0
DA:1370,0
DA:1371,0
DA:1372,0
DA:1374,0
DA:1381,0
DA:1382,0
DA:1390,0
DA:1391,0
DA:1392,0
DA:1393,0
DA:1395,0
DA:1396,0
DA:1397,0
DA:1400,0
DA:1403,0
DA:1404,0
DA:1412,0
DA:1413,0
DA:1414,0
DA:1417,0
DA:1418,0
DA:1419,0
DA:1422,0
DA:1424,0
DA:1432,0
DA:1433,0
DA:1441,0
DA:1442,0
DA:1443,0
DA:1445,0
DA:1446,0
DA:1448,0
DA:1449,0
DA:1450,0
DA:1451,0
DA:1454,0
DA:1455,0
DA:1458,0
DA:1466,0
DA:1467,0
DA:1468,0
DA:1471,0
DA:1472,0
DA:1480,0
DA:1481,0
DA:1482,0
DA:1484,0
DA:1485,0
DA:1486,0
DA:1489,0
DA:1492,0
DA:1493,0
DA:1501,0
DA:1502,0
DA:1503,0
DA:1504,0
DA:1505,0
DA:1507,0
DA:1521,0
DA:1524,0
DA:1525,0
DA:1533,0
DA:1534,0
DA:1536,0
DA:1543,0
DA:1544,0
DA:1552,0
DA:1553,0
DA:1554,0
DA:1557,0
DA:1558,0
DA:1561,0
DA:1562,0
DA:1565,0
DA:1566,0
DA:1569,0
DA:1578,0
DA:1579,0
DA:1582,0
DA:1583,0
DA:1584,0
DA:1592,0
DA:1593,0
DA:1594,0
DA:1595,0
DA:1597,0
DA:1599,0
DA:1600,0
DA:1601,0
DA:1605,0
DA:1606,0
DA:1608,0
DA:1609,0
DA:1611,0
DA:1621,0
DA:1622,0
DA:1630,0
DA:1631,0
DA:1632,0
DA:1634,0
DA:1635,0
DA:1638,0
DA:1639,0
DA:1641,0
DA:1642,0
DA:1645,0
DA:1646,0
DA:1647,0
DA:1650,0
DA:1651,0
DA:1654,0
DA:1655,0
DA:1659,0
DA:1660,0
DA:1661,0
DA:1664,0
DA:1665,0
DA:1666,0
DA:1669,0
DA:1671,0
DA:1674,0
DA:1675,0
DA:1683,0
DA:1684,0
DA:1685,0
DA:1686,0
DA:1687,0
DA:1689,0
DA:1691,0
DA:1692,0
DA:1693,0
DA:1696,0
DA:1697,0
DA:1700,0
DA:1701,0
DA:1704,0
DA:1707,0
DA:1708,0
DA:1709,0
DA:1710,0
DA:1713,0
DA:1714,0
DA:1715,0
DA:1716,0
DA:1717,0
DA:1719,0
DA:1722,0
DA:1724,0
DA:1725,0
DA:1728,0
DA:1729,0
DA:1737,0
DA:1738,0
DA:1739,0
DA:1741,0
DA:1742,0
DA:1745,0
DA:1746,0
DA:1747,0
DA:1750,0
DA:1751,0
DA:1752,0
DA:1754,0
DA:1755,0
DA:1756,0
DA:1761,0
DA:1768,0
DA:1773,0
DA:1788,0
DA:1791,0
DA:1792,0
DA:1800,0
DA:1801,0
DA:1802,0
DA:1804,0
DA:1805,0
DA:1809,0
DA:1810,0
DA:1811,0
DA:1814,0
DA:1817,0
DA:1820,0
DA:1821,0
DA:1829,0
DA:1830,0
DA:1831,0
DA:1833,0
DA:1834,0
DA:1837,0
DA:1838,0
DA:1839,0
DA:1841,0
DA:1851,0
DA:1852,0
DA:1860,0
DA:1861,0
DA:1862,0
DA:1864,0
DA:1865,0
DA:1868,0
DA:1870,0
DA:1878,0
DA:1879,0
DA:1881,0
DA:1884,0
DA:1885,0
DA:1893,0
DA:1894,0
DA:1895,0
DA:1897,0
DA:1898,0
DA:1901,0
DA:1902,0
DA:1904,0
DA:1906,0
DA:1907,0
DA:1909,0
DA:1912,0
DA:1913,0
DA:1921,0
DA:1922,0
DA:1923,0
DA:1925,0
DA:1926,0
DA:1929,0
DA:1930,0
DA:1932,0
DA:1933,0
DA:1935,0
DA:1938,0
DA:1939,0
DA:1947,0
DA:1948,0
DA:1949,0
DA:1951,0
DA:1952,0
DA:1955,0
DA:1956,0
DA:1957,0
DA:1958,0
DA:1960,0
DA:1965,0
DA:1969,0
DA:1970,0
DA:1978,0
DA:1979,0
DA:1980,0
DA:1982,0
DA:1983,0
DA:1986,0
DA:1988,0
DA:1989,0
DA:1992,0
DA:1998,0
DA:1999,0
DA:2001,0
DA:2004,0
DA:2005,0
DA:2013,0
DA:2014,0
DA:2015,0
DA:2017,0
DA:2018,0
DA:2021,0
DA:2022,0
DA:2025,0
DA:2034,0
DA:2042,0
DA:2043,0
DA:2052,0
DA:2053,0
DA:2054,0
DA:2057,0
DA:2058,0
DA:2062,0
DA:2063,0
DA:2064,0
DA:2066,0
DA:2072,0
DA:2074,0
DA:2075,0
DA:2078,0
DA:2079,0
DA:2082,0
DA:2088,0
DA:2089,0
DA:2090,0
DA:2092,0
DA:2098,0
DA:2101,0
DA:2102,0
DA:2103,0
DA:2104,0
DA:2105,0
DA:2106,0
DA:2107,0
DA:2108,0
DA:2111,0
DA:2112,0
DA:2115,0
DA:2116,0
DA:2117,0
DA:2118,0
DA:2121,0
DA:2122,0
DA:2123,0
DA:2126,0
DA:2129,0
DA:2130,0
DA:2131,0
DA:2132,0
DA:2133,0
DA:2136,0
DA:2137,0
DA:2138,0
DA:2139,0
DA:2140,0
DA:2141,0
DA:2142,0
DA:2143,0
DA:2144,0
DA:2147,0
DA:2148,0
DA:2149,0
DA:2150,0
DA:2151,0
DA:2152,0
DA:2153,0
DA:2154,0
DA:2155,0
DA:2158,0
DA:2159,0
DA:2160,0
DA:2161,0
DA:2162,0
DA:2163,0
DA:2166,0
DA:2167,0
DA:2169,0
DA:2176,0
DA:2177,0
DA:2178,0
DA:2180,0
DA:2181,0
DA:2182,0
DA:2186,0
DA:2187,0
DA:2190,0
DA:2191,0
DA:2203,0
DA:2204,0
DA:2205,0
DA:2206,0
DA:2207,0
DA:2210,0
DA:2213,0
DA:2214,0
DA:2215,0
DA:2216,0
DA:2218,0
DA:2220,0
DA:2221,0
DA:2230,0
DA:2231,0
DA:2232,0
DA:2233,0
DA:2235,0
DA:2237,0
DA:2238,0
DA:2246,0
DA:2247,0
DA:2248,0
DA:2249,0
DA:2250,0
DA:2253,0
DA:2254,0
DA:2257,0
DA:2259,0
DA:2260,0
DA:2262,0
DA:2265,0
DA:2266,0
DA:2267,0
DA:2269,0
DA:2278,0
DA:2279,0
DA:2280,0
DA:2281,0
DA:2282,0
DA:2285,0
DA:2286,0
DA:2287,0
DA:2290,0
DA:2294,0
DA:2295,0
DA:2297,0
DA:2300,0
DA:2301,0
DA:2302,0
DA:2304,0
DA:2313,0
DA:2314,0
DA:2315,0
DA:2316,0
DA:2317,0
DA:2320,0
DA:2321,0
DA:2324,0
DA:2326,0
DA:2327,0
DA:2329,0
DA:2332,0
DA:2333,0
DA:2334,0
DA:2336,0
DA:2345,0
DA:2346,0
DA:2347,0
DA:2348,0
DA:2349,0
DA:2352,0
DA:2353,0
DA:2354,0
DA:2356,0
DA:2357,0
DA:2360,0
DA:2362,0
DA:2363,0
DA:2371,0
DA:2372,0
DA:2373,0
DA:2375,0
DA:2376,0
DA:2379,0
DA:2380,0
DA:2383,0
DA:2386,0
DA:2387,0
DA:2388,0
DA:2389,0
DA:2391,0
DA:2394,0
DA:2395,0
DA:2403,0
DA:2404,0
DA:2405,0
DA:2407,0
DA:2408,0
DA:2411,0
DA:2414,0
DA:2416,0
DA:2423,0
DA:2424,0
DA:2435,0
DA:2436,0
DA:2437,0
DA:2438,0
DA:2439,0
DA:2442,0
DA:2443,0
DA:2444,0
DA:2446,0
DA:2447,0
DA:2451,0
DA:2455,0
DA:2457,0
DA:2458,0
DA:2463,0
LF:999
LH:0
BRDA:27,0,0,0
BRDA:27,0,1,0
BRDA:30,1,0,0
BRDA:30,1,1,0
BRDA:39,2,0,0
BRDA:47,3,0,0
BRDA:47,3,1,0
BRDA:47,4,0,0
BRDA:47,4,1,0
BRDA:67,5,0,0
BRDA:67,5,1,0
BRDA:67,6,0,0
BRDA:67,6,1,0
BRDA:92,7,0,0
BRDA:92,7,1,0
BRDA:111,8,0,0
BRDA:111,8,1,0
BRDA:126,9,0,0
BRDA:126,9,1,0
BRDA:136,10,0,0
BRDA:136,10,1,0
BRDA:139,11,0,0
BRDA:139,11,1,0
BRDA:145,12,0,0
BRDA:145,12,1,0
BRDA:160,13,0,0
BRDA:160,13,1,0
BRDA:170,14,0,0
BRDA:170,14,1,0
BRDA:176,15,0,0
BRDA:176,15,1,0
BRDA:180,16,0,0
BRDA:180,16,1,0
BRDA:194,17,0,0
BRDA:194,17,1,0
BRDA:201,18,0,0
BRDA:201,18,1,0
BRDA:206,19,0,0
BRDA:206,19,1,0
BRDA:208,20,0,0
BRDA:208,20,1,0
BRDA:210,21,0,0
BRDA:210,21,1,0
BRDA:212,22,0,0
BRDA:212,22,1,0
BRDA:212,23,0,0
BRDA:212,23,1,0
BRDA:218,24,0,0
BRDA:218,24,1,0
BRDA:236,25,0,0
BRDA:236,25,1,0
BRDA:246,26,0,0
BRDA:246,26,1,0
BRDA:251,27,0,0
BRDA:251,27,1,0
BRDA:253,28,0,0
BRDA:253,28,1,0
BRDA:255,29,0,0
BRDA:255,29,1,0
BRDA:257,30,0,0
BRDA:257,30,1,0
BRDA:257,31,0,0
BRDA:257,31,1,0
BRDA:265,32,0,0
BRDA:265,32,1,0
BRDA:340,33,0,0
BRDA:340,33,1,0
BRDA:340,34,0,0
BRDA:340,34,1,0
BRDA:353,35,0,0
BRDA:353,35,1,0
BRDA:393,36,0,0
BRDA:393,36,1,0
BRDA:401,37,0,0
BRDA:401,37,1,0
BRDA:401,38,0,0
BRDA:401,38,1,0
BRDA:401,38,2,0
BRDA:414,39,0,0
BRDA:421,40,0,0
BRDA:421,40,1,0
BRDA:474,41,0,0
BRDA:474,41,1,0
BRDA:476,42,0,0
BRDA:476,42,1,0
BRDA:485,43,0,0
BRDA:485,43,1,0
BRDA:500,44,0,0
BRDA:500,44,1,0
BRDA:522,45,0,0
BRDA:522,45,1,0
BRDA:526,46,0,0
BRDA:526,46,1,0
BRDA:528,47,0,0
BRDA:528,47,1,0
BRDA:528,48,0,0
BRDA:528,48,1,0
BRDA:529,49,0,0
BRDA:529,49,1,0
BRDA:529,49,2,0
BRDA:537,50,0,0
BRDA:537,50,1,0
BRDA:541,51,0,0
BRDA:541,51,1,0
BRDA:548,52,0,0
BRDA:548,52,1,0
BRDA:549,53,0,0
BRDA:549,53,1,0
BRDA:578,54,0,0
BRDA:578,54,1,0
BRDA:584,55,0,0
BRDA:584,55,1,0
BRDA:590,56,0,0
BRDA:590,56,1,0
BRDA:597,57,0,0
BRDA:597,57,1,0
BRDA:634,58,0,0
BRDA:634,58,1,0
BRDA:637,59,0,0
BRDA:637,59,1,0
BRDA:642,60,0,0
BRDA:642,60,1,0
BRDA:674,61,0,0
BRDA:674,61,1,0
BRDA:677,62,0,0
BRDA:677,62,1,0
BRDA:682,63,0,0
BRDA:682,63,1,0
BRDA:688,64,0,0
BRDA:688,64,1,0
BRDA:688,65,0,0
BRDA:688,65,1,0
BRDA:693,66,0,0
BRDA:693,66,1,0
BRDA:693,67,0,0
BRDA:693,67,1,0
BRDA:694,68,0,0
BRDA:694,68,1,0
BRDA:697,69,0,0
BRDA:697,69,1,0
BRDA:706,70,0,0
BRDA:706,70,1,0
BRDA:713,71,0,0
BRDA:713,71,1,0
BRDA:715,72,0,0
BRDA:715,72,1,0
BRDA:715,73,0,0
BRDA:715,73,1,0
BRDA:725,74,0,0
BRDA:725,74,1,0
BRDA:725,75,0,0
BRDA:725,75,1,0
BRDA:758,76,0,0
BRDA:758,76,1,0
BRDA:759,77,0,0
BRDA:759,77,1,0
BRDA:759,78,0,0
BRDA:759,78,1,0
BRDA:764,79,0,0
BRDA:764,79,1,0
BRDA:770,80,0,0
BRDA:770,80,1,0
BRDA:776,81,0,0
BRDA:776,81,1,0
BRDA:776,82,0,0
BRDA:776,82,1,0
BRDA:786,83,0,0
BRDA:786,83,1,0
BRDA:791,84,0,0
BRDA:791,84,1,0
BRDA:796,85,0,0
BRDA:796,85,1,0
BRDA:796,86,0,0
BRDA:796,86,1,0
BRDA:805,87,0,0
BRDA:805,87,1,0
BRDA:806,88,0,0
BRDA:806,88,1,0
BRDA:807,89,0,0
BRDA:807,89,1,0
BRDA:832,90,0,0
BRDA:832,90,1,0
BRDA:854,91,0,0
BRDA:854,91,1,0
BRDA:855,92,0,0
BRDA:855,92,1,0
BRDA:855,93,0,0
BRDA:855,93,1,0
BRDA:855,93,2,0
BRDA:859,94,0,0
BRDA:859,94,1,0
BRDA:859,95,0,0
BRDA:859,95,1,0
BRDA:860,96,0,0
BRDA:860,96,1,0
BRDA:866,97,0,0
BRDA:866,97,1,0
BRDA:870,98,0,0
BRDA:870,98,1,0
BRDA:870,99,0,0
BRDA:870,99,1,0
BRDA:870,99,2,0
BRDA:878,100,0,0
BRDA:878,100,1,0
BRDA:878,101,0,0
BRDA:878,101,1,0
BRDA:879,102,0,0
BRDA:879,102,1,0
BRDA:879,103,0,0
BRDA:879,103,1,0
BRDA:884,104,0,0
BRDA:884,104,1,0
BRDA:885,105,0,0
BRDA:885,105,1,0
BRDA:885,106,0,0
BRDA:885,106,1,0
BRDA:924,107,0,0
BRDA:924,107,1,0
BRDA:930,108,0,0
BRDA:930,108,1,0
BRDA:931,109,0,0
BRDA:931,109,1,0
BRDA:931,110,0,0
BRDA:931,110,1,0
BRDA:941,111,0,0
BRDA:941,111,1,0
BRDA:953,112,0,0
BRDA:953,112,1,0
BRDA:979,113,0,0
BRDA:979,113,1,0
BRDA:982,114,0,0
BRDA:982,114,1,0
BRDA:983,115,0,0
BRDA:983,115,1,0
BRDA:986,116,0,0
BRDA:986,116,1,0
BRDA:987,117,0,0
BRDA:987,117,1,0
BRDA:991,118,0,0
BRDA:991,118,1,0
BRDA:992,119,0,0
BRDA:992,119,1,0
BRDA:994,120,0,0
BRDA:994,120,1,0
BRDA:1005,121,0,0
BRDA:1005,121,1,0
BRDA:1005,122,0,0
BRDA:1005,122,1,0
BRDA:1005,122,2,0
BRDA:1006,123,0,0
BRDA:1006,123,1,0
BRDA:1006,124,0,0
BRDA:1006,124,1,0
BRDA:1006,124,2,0
BRDA:1008,125,0,0
BRDA:1008,125,1,0
BRDA:1012,126,0,0
BRDA:1012,126,1,0
BRDA:1012,127,0,0
BRDA:1012,127,1,0
BRDA:1012,127,2,0
BRDA:1014,128,0,0
BRDA:1014,128,1,0
BRDA:1037,129,0,0
BRDA:1037,129,1,0
BRDA:1068,130,0,0
BRDA:1068,130,1,0
BRDA:1145,131,0,0
BRDA:1145,131,1,0
BRDA:1154,132,0,0
BRDA:1154,132,1,0
BRDA:1161,133,0,0
BRDA:1161,133,1,0
BRDA:1177,134,0,0
BRDA:1177,134,1,0
BRDA:1187,135,0,0
BRDA:1187,135,1,0
BRDA:1207,136,0,0
BRDA:1207,136,1,0
BRDA:1224,137,0,0
BRDA:1224,137,1,0
BRDA:1229,138,0,0
BRDA:1229,138,1,0
BRDA:1236,139,0,0
BRDA:1236,139,1,0
BRDA:1262,140,0,0
BRDA:1262,140,1,0
BRDA:1271,141,0,0
BRDA:1271,141,1,0
BRDA:1281,142,0,0
BRDA:1281,142,1,0
BRDA:1299,143,0,0
BRDA:1299,143,1,0
BRDA:1396,144,0,0
BRDA:1396,144,1,0
BRDA:1417,145,0,0
BRDA:1417,145,1,0
BRDA:1417,146,0,0
BRDA:1417,146,1,0
BRDA:1418,147,0,0
BRDA:1418,147,1,0
BRDA:1442,148,0,0
BRDA:1449,149,0,0
BRDA:1449,149,1,0
BRDA:1484,150,0,0
BRDA:1484,150,1,0
BRDA:1505,151,0,0
BRDA:1505,151,1,0
BRDA:1511,152,0,0
BRDA:1511,152,1,0
BRDA:1512,153,0,0
BRDA:1512,153,1,0
BRDA:1513,154,0,0
BRDA:1513,154,1,0
BRDA:1514,155,0,0
BRDA:1514,155,1,0
BRDA:1515,156,0,0
BRDA:1515,156,1,0
BRDA:1517,157,0,0
BRDA:1517,157,1,0
BRDA:1518,158,0,0
BRDA:1518,158,1,0
BRDA:1557,159,0,0
BRDA:1557,159,1,0
BRDA:1557,160,0,0
BRDA:1557,160,1,0
BRDA:1557,160,2,0
BRDA:1561,161,0,0
BRDA:1561,161,1,0
BRDA:1565,162,0,0
BRDA:1565,162,1,0
BRDA:1572,163,0,0
BRDA:1572,163,1,0
BRDA:1583,164,0,0
BRDA:1583,164,1,0
BRDA:1597,165,0,0
BRDA:1597,165,1,0
BRDA:1599,166,0,0
BRDA:1599,166,1,0
BRDA:1606,167,0,0
BRDA:1606,167,1,0
BRDA:1614,168,0,0
BRDA:1614,168,1,0
BRDA:1634,169,0,0
BRDA:1634,169,1,0
BRDA:1641,170,0,0
BRDA:1641,170,1,0
BRDA:1642,171,0,0
BRDA:1642,171,1,0
BRDA:1645,172,0,0
BRDA:1645,172,1,0
BRDA:1645,173,0,0
BRDA:1645,173,1,0
BRDA:1646,174,0,0
BRDA:1646,174,1,0
BRDA:1650,175,0,0
BRDA:1650,175,1,0
BRDA:1654,176,0,0
BRDA:1654,176,1,0
BRDA:1660,177,0,0
BRDA:1660,177,1,0
BRDA:1665,178,0,0
BRDA:1665,178,1,0
BRDA:1665,179,0,0
BRDA:1665,179,1,0
BRDA:1689,180,0,0
BRDA:1689,180,1,0
BRDA:1691,181,0,0
BRDA:1691,181,1,0
BRDA:1700,182,0,0
BRDA:1700,182,1,0
BRDA:1710,183,0,0
BRDA:1710,183,1,0
BRDA:1713,184,0,0
BRDA:1713,184,1,0
BRDA:1716,185,0,0
BRDA:1716,185,1,0
BRDA:1717,186,0,0
BRDA:1717,186,1,0
BRDA:1741,187,0,0
BRDA:1741,187,1,0
BRDA:1741,188,0,0
BRDA:1741,188,1,0
BRDA:1755,189,0,0
BRDA:1755,189,1,0
BRDA:1783,190,0,0
BRDA:1783,190,1,0
BRDA:1784,191,0,0
BRDA:1784,191,1,0
BRDA:1785,192,0,0
BRDA:1785,192,1,0
BRDA:1804,193,0,0
BRDA:1804,193,1,0
BRDA:1804,194,0,0
BRDA:1804,194,1,0
BRDA:1810,195,0,0
BRDA:1810,195,1,0
BRDA:1814,196,0,0
BRDA:1814,196,1,0
BRDA:1817,197,0,0
BRDA:1817,197,1,0
BRDA:1833,198,0,0
BRDA:1833,198,1,0
BRDA:1833,199,0,0
BRDA:1833,199,1,0
BRDA:1846,200,0,0
BRDA:1846,200,1,0
BRDA:1847,201,0,0
BRDA:1847,201,1,0
BRDA:1864,202,0,0
BRDA:1864,202,1,0
BRDA:1864,203,0,0
BRDA:1864,203,1,0
BRDA:1875,204,0,0
BRDA:1875,204,1,0
BRDA:1878,205,0,0
BRDA:1878,205,1,0
BRDA:1897,206,0,0
BRDA:1897,206,1,0
BRDA:1897,207,0,0
BRDA:1897,207,1,0
BRDA:1906,208,0,0
BRDA:1906,208,1,0
BRDA:1925,209,0,0
BRDA:1925,209,1,0
BRDA:1932,210,0,0
BRDA:1932,210,1,0
BRDA:1951,211,0,0
BRDA:1951,211,1,0
BRDA:1951,212,0,0
BRDA:1951,212,1,0
BRDA:1982,213,0,0
BRDA:1982,213,1,0
BRDA:1982,214,0,0
BRDA:1982,214,1,0
BRDA:1988,215,0,0
BRDA:1988,215,1,0
BRDA:1993,216,0,0
BRDA:1993,216,1,0
BRDA:1994,217,0,0
BRDA:1994,217,1,0
BRDA:1995,218,0,0
BRDA:1995,218,1,0
BRDA:1998,219,0,0
BRDA:1998,219,1,0
BRDA:2017,220,0,0
BRDA:2017,220,1,0
BRDA:2017,221,0,0
BRDA:2017,221,1,0
BRDA:2063,222,0,0
BRDA:2063,222,1,0
BRDA:2089,223,0,0
BRDA:2089,223,1,0
BRDA:2181,224,0,0
BRDA:2181,224,1,0
BRDA:2187,225,0,0
BRDA:2187,225,1,0
BRDA:2206,226,0,0
BRDA:2206,226,1,0
BRDA:2206,227,0,0
BRDA:2206,227,1,0
BRDA:2249,228,0,0
BRDA:2249,228,1,0
BRDA:2249,229,0,0
BRDA:2249,229,1,0
BRDA:2259,230,0,0
BRDA:2259,230,1,0
BRDA:2266,231,0,0
BRDA:2266,231,1,0
BRDA:2281,232,0,0
BRDA:2281,232,1,0
BRDA:2281,233,0,0
BRDA:2281,233,1,0
BRDA:2294,234,0,0
BRDA:2294,234,1,0
BRDA:2301,235,0,0
BRDA:2301,235,1,0
BRDA:2316,236,0,0
BRDA:2316,236,1,0
BRDA:2316,237,0,0
BRDA:2316,237,1,0
BRDA:2326,238,0,0
BRDA:2326,238,1,0
BRDA:2333,239,0,0
BRDA:2333,239,1,0
BRDA:2348,240,0,0
BRDA:2348,240,1,0
BRDA:2348,241,0,0
BRDA:2348,241,1,0
BRDA:2356,242,0,0
BRDA:2356,242,1,0
BRDA:2375,243,0,0
BRDA:2375,243,1,0
BRDA:2375,244,0,0
BRDA:2375,244,1,0
BRDA:2407,245,0,0
BRDA:2407,245,1,0
BRDA:2407,246,0,0
BRDA:2407,246,1,0
BRDA:2438,247,0,0
BRDA:2438,247,1,0
BRDA:2438,248,0,0
BRDA:2438,248,1,0
BRDA:2446,249,0,0
BRDA:2446,249,1,0
BRF:505
BRH:0
end_of_record
TN:
SF:src/utils/SchemaGenerator.js
FN:12,(anonymous_0)
FN:42,(anonymous_1)
FN:51,(anonymous_2)
FN:87,(anonymous_3)
FN:126,(anonymous_4)
FN:145,(anonymous_5)
FN:161,(anonymous_6)
FN:177,(anonymous_7)
FN:183,(anonymous_8)
FN:232,(anonymous_9)
FN:242,(anonymous_10)
FN:243,(anonymous_11)
FN:252,(anonymous_12)
FN:270,(anonymous_13)
FN:288,(anonymous_14)
FN:343,(anonymous_15)
FN:376,(anonymous_16)
FN:386,(anonymous_17)
FN:387,(anonymous_18)
FN:388,(anonymous_19)
FN:389,(anonymous_20)
FN:403,(anonymous_21)
FN:471,(anonymous_22)
FN:503,(anonymous_23)
FN:543,(anonymous_24)
FN:583,(anonymous_25)
FN:623,(anonymous_26)
FN:660,(anonymous_27)
FN:665,(anonymous_28)
FN:678,(anonymous_29)
FN:678,(anonymous_30)
FN:679,(anonymous_31)
FNF:32
FNH:0
FNDA:0,(anonymous_0)
FNDA:0,(anonymous_1)
FNDA:0,(anonymous_2)
FNDA:0,(anonymous_3)
FNDA:0,(anonymous_4)
FNDA:0,(anonymous_5)
FNDA:0,(anonymous_6)
FNDA:0,(anonymous_7)
FNDA:0,(anonymous_8)
FNDA:0,(anonymous_9)
FNDA:0,(anonymous_10)
FNDA:0,(anonymous_11)
FNDA:0,(anonymous_12)
FNDA:0,(anonymous_13)
FNDA:0,(anonymous_14)
FNDA:0,(anonymous_15)
FNDA:0,(anonymous_16)
FNDA:0,(anonymous_17)
FNDA:0,(anonymous_18)
FNDA:0,(anonymous_19)
FNDA:0,(anonymous_20)
FNDA:0,(anonymous_21)
FNDA:0,(anonymous_22)
FNDA:0,(anonymous_23)
FNDA:0,(anonymous_24)
FNDA:0,(anonymous_25)
FNDA:0,(anonymous_26)
FNDA:0,(anonymous_27)
FNDA:0,(anonymous_28)
FNDA:0,(anonymous_29)
FNDA:0,(anonymous_30)
FNDA:0,(anonymous_31)
DA:13,0
DA:14,0
DA:30,0
DA:31,0
DA:35,0
DA:36,0
DA:40,0
DA:41,0
DA:42,0
DA:51,0
DA:59,0
DA:60,0
DA:61,0
DA:65,0
DA:71,0
DA:72,0
DA:73,0
DA:74,0
DA:79,0
DA:88,0
DA:89,0
DA:90,0
DA:93,0
DA:96,0
DA:100,0
DA:104,0
DA:108,0
DA:110,0
DA:115,0
DA:116,0
DA:127,0
DA:129,0
DA:132,0
DA:135,0
DA:138,0
DA:146,0
DA:148,0
DA:149,0
DA:155,0
DA:162,0
DA:164,0
DA:165,0
DA:171,0
DA:179,0
DA:180,0
DA:181,0
DA:183,0
DA:193,0
DA:199,0
DA:200,0
DA:207,0
DA:208,0
DA:216,0
DA:217,0
DA:224,0
DA:233,0
DA:243,0
DA:254,0
DA:257,0
DA:258,0
DA:261,0
DA:272,0
DA:275,0
DA:276,0
DA:279,0
DA:289,0
DA:299,0
DA:300,0
DA:301,0
DA:302,0
DA:307,0
DA:308,0
DA:310,0
DA:311,0
DA:312,0
DA:313,0
DA:315,0
DA:316,0
DA:321,0
DA:324,0
DA:325,0
DA:327,0
DA:333,0
DA:344,0
DA:345,0
DA:347,0
DA:348,0
DA:349,0
DA:352,0
DA:353,0
DA:355,0
DA:356,0
DA:357,0
DA:361,0
DA:364,0
DA:377,0
DA:380,0
DA:381,0
DA:385,0
DA:386,0
DA:387,0
DA:388,0
DA:389,0
DA:392,0
DA:393,0
DA:404,0
DA:407,0
DA:416,0
DA:425,0
DA:434,0
DA:443,0
DA:452,0
DA:461,0
DA:472,0
DA:475,0
DA:484,0
DA:493,0
DA:504,0
DA:506,0
DA:515,0
DA:524,0
DA:533,0
DA:544,0
DA:546,0
DA:555,0
DA:564,0
DA:573,0
DA:584,0
DA:587,0
DA:595,0
DA:596,0
DA:597,0
DA:598,0
DA:602,0
DA:603,0
DA:604,0
DA:605,0
DA:614,0
DA:624,0
DA:627,0
DA:634,0
DA:635,0
DA:639,0
DA:640,0
DA:641,0
DA:648,0
DA:661,0
DA:664,0
DA:665,0
DA:666,0
DA:671,0
DA:672,0
DA:676,0
DA:677,0
DA:678,0
DA:680,0
DA:684,0
DA:688,0
LF:158
LH:0
BRDA:12,0,0,0
BRDA:19,1,0,0
BRDA:19,1,1,0
BRDA:25,2,0,0
BRDA:25,2,1,0
BRDA:30,3,0,0
BRDA:30,3,1,0
BRDA:35,4,0,0
BRDA:35,4,1,0
BRDA:35,5,0,0
BRDA:35,5,1,0
BRDA:40,6,0,0
BRDA:40,6,1,0
BRDA:40,7,0,0
BRDA:40,7,1,0
BRDA:41,8,0,0
BRDA:41,8,1,0
BRDA:59,9,0,0
BRDA:59,9,1,0
BRDA:59,10,0,0
BRDA:59,10,1,0
BRDA:71,11,0,0
BRDA:71,11,1,0
BRDA:73,12,0,0
BRDA:73,12,1,0
BRDA:88,13,0,0
BRDA:88,13,1,0
BRDA:89,14,0,0
BRDA:89,14,1,0
BRDA:90,15,0,0
BRDA:90,15,1,0
BRDA:93,16,0,0
BRDA:93,16,1,0
BRDA:93,17,0,0
BRDA:93,17,1,0
BRDA:93,17,2,0
BRDA:100,18,0,0
BRDA:100,18,1,0
BRDA:100,19,0,0
BRDA:100,19,1,0
BRDA:100,19,2,0
BRDA:100,19,3,0
BRDA:108,20,0,0
BRDA:108,20,1,0
BRDA:108,21,0,0
BRDA:108,21,1,0
BRDA:127,22,0,0
BRDA:127,22,1,0
BRDA:127,22,2,0
BRDA:127,22,3,0
BRDA:146,23,0,0
BRDA:146,23,1,0
BRDA:148,24,0,0
BRDA:148,24,1,0
BRDA:162,25,0,0
BRDA:162,25,1,0
BRDA:162,26,0,0
BRDA:162,26,1,0
BRDA:179,27,0,0
BRDA:179,27,1,0
BRDA:179,28,0,0
BRDA:179,28,1,0
BRDA:199,29,0,0
BRDA:199,29,1,0
BRDA:207,30,0,0
BRDA:207,30,1,0
BRDA:216,31,0,0
BRDA:216,31,1,0
BRDA:242,32,0,0
BRDA:252,33,0,0
BRDA:257,34,0,0
BRDA:257,34,1,0
BRDA:257,35,0,0
BRDA:257,35,1,0
BRDA:270,36,0,0
BRDA:275,37,0,0
BRDA:275,37,1,0
BRDA:275,38,0,0
BRDA:275,38,1,0
BRDA:288,39,0,0
BRDA:292,40,0,0
BRDA:292,40,1,0
BRDA:292,40,2,0
BRDA:293,41,0,0
BRDA:293,41,1,0
BRDA:294,42,0,0
BRDA:294,42,1,0
BRDA:299,43,0,0
BRDA:299,43,1,0
BRDA:301,44,0,0
BRDA:301,44,1,0
BRDA:307,45,0,0
BRDA:307,45,1,0
BRDA:310,46,0,0
BRDA:310,46,1,0
BRDA:311,47,0,0
BRDA:311,47,1,0
BRDA:312,48,0,0
BRDA:312,48,1,0
BRDA:313,49,0,0
BRDA:313,49,1,0
BRDA:315,50,0,0
BRDA:315,50,1,0
BRDA:324,51,0,0
BRDA:324,51,1,0
BRDA:329,52,0,0
BRDA:329,52,1,0
BRDA:343,53,0,0
BRDA:347,54,0,0
BRDA:347,54,1,0
BRDA:355,55,0,0
BRDA:355,55,1,0
BRDA:355,56,0,0
BRDA:355,56,1,0
BRDA:361,57,0,0
BRDA:361,57,1,0
BRDA:377,58,0,0
BRDA:377,58,1,0
BRDA:380,59,0,0
BRDA:380,59,1,0
BRDA:392,60,0,0
BRDA:392,60,1,0
BRDA:597,61,0,0
BRDA:597,61,1,0
BRDA:597,62,0,0
BRDA:597,62,1,0
BRDA:597,62,2,0
BRDA:604,63,0,0
BRDA:604,63,1,0
BRDA:634,64,0,0
BRDA:634,64,1,0
BRDA:640,65,0,0
BRDA:640,65,1,0
BRDA:660,66,0,0
BRDA:664,67,0,0
BRDA:664,67,1,0
BRDA:671,68,0,0
BRDA:671,68,1,0
BRDA:676,69,0,0
BRDA:676,69,1,0
BRDA:678,70,0,0
BRDA:678,70,1,0
BRF:142
BRH:0
end_of_record
TN:
SF:src/utils/final-validation.js
FN:5,validatePage
FN:23,(anonymous_1)
FN:40,scanDirectory
FN:44,(anonymous_3)
FN:79,(anonymous_4)
FN:91,(anonymous_5)
FN:97,(anonymous_6)
FNF:7
FNH:0
FNDA:0,validatePage
FNDA:0,(anonymous_1)
FNDA:0,scanDirectory
FNDA:0,(anonymous_3)
FNDA:0,(anonymous_4)
FNDA:0,(anonymous_5)
FNDA:0,(anonymous_6)
DA:1,0
DA:2,0
DA:3,0
DA:6,0
DA:7,0
DA:8,0
DA:10,0
DA:11,0
DA:14,0
DA:15,0
DA:16,0
DA:19,0
DA:20,0
DA:22,0
DA:23,0
DA:25,0
DA:26,0
DA:29,0
DA:30,0
DA:31,0
DA:34,0
DA:36,0
DA:41,0
DA:42,0
DA:44,0
DA:45,0
DA:46,0
DA:47,0
DA:49,0
DA:50,0
DA:51,0
DA:52,0
DA:53,0
DA:55,0
DA:56,0
DA:57,0
DA:62,0
DA:65,0
DA:67,0
DA:68,0
DA:70,0
DA:71,0
DA:73,0
DA:74,0
DA:75,0
DA:78,0
DA:79,0
DA:80,0
DA:83,0
DA:84,0
DA:85,0
DA:86,0
DA:87,0
DA:88,0
DA:90,0
DA:91,0
DA:92,0
DA:95,0
DA:96,0
DA:97,0
DA:98,0
DA:101,0
DA:102,0
LF:63
LH:0
BRDA:10,0,0,0
BRDA:10,0,1,0
BRDA:15,1,0,0
BRDA:15,1,1,0
BRDA:25,2,0,0
BRDA:25,2,1,0
BRDA:30,3,0,0
BRDA:30,3,1,0
BRDA:45,4,0,0
BRDA:45,4,1,0
BRDA:45,5,0,0
BRDA:45,5,1,0
BRDA:49,6,0,0
BRDA:49,6,1,0
BRDA:52,7,0,0
BRDA:52,7,1,0
BRDA:80,8,0,0
BRDA:80,8,1,0
BRDA:95,9,0,0
BRDA:95,9,1,0
BRF:20
BRH:0
end_of_record
TN:
SF:src/utils/logger.js
FN:10,(anonymous_0)
FNF:1
FNH:0
FNDA:0,(anonymous_0)
DA:2,0
DA:3,0
DA:5,0
DA:6,0
DA:10,0
DA:18,0
LF:6
LH:0
BRF:0
BRH:0
end_of_record
TN:
SF:src/utils/standardize-categories.js
FN:35,determineCorrectCategory
FN:48,(anonymous_1)
FN:75,(anonymous_2)
FN:85,(anonymous_3)
FN:103,(anonymous_4)
FN:110,(anonymous_5)
FN:124,(anonymous_6)
FN:172,(anonymous_7)
FN:185,(anonymous_8)
FN:197,(anonymous_9)
FN:210,(anonymous_10)
FN:242,main
FNF:12
FNH:0
FNDA:0,determineCorrectCategory
FNDA:0,(anonymous_1)
FNDA:0,(anonymous_2)
FNDA:0,(anonymous_3)
FNDA:0,(anonymous_4)
FNDA:0,(anonymous_5)
FNDA:0,(anonymous_6)
FNDA:0,(anonymous_7)
FNDA:0,(anonymous_8)
FNDA:0,(anonymous_9)
FNDA:0,(anonymous_10)
FNDA:0,main
DA:3,0
DA:4,0
DA:5,0
DA:10,0
DA:36,0
DA:37,0
DA:40,0
DA:41,0
DA:45,0
DA:47,0
DA:48,0
DA:49,0
DA:52,0
DA:53,0
DA:57,0
DA:60,0
DA:64,0
DA:68,0
DA:76,0
DA:77,0
DA:78,0
DA:79,0
DA:86,0
DA:88,0
DA:93,0
DA:94,0
DA:97,0
DA:104,0
DA:105,0
DA:106,0
DA:109,0
DA:110,0
DA:112,0
DA:114,0
DA:115,0
DA:118,0
DA:125,0
DA:127,0
DA:128,0
DA:129,0
DA:131,0
DA:132,0
DA:134,0
DA:135,0
DA:144,0
DA:146,0
DA:147,0
DA:148,0
DA:150,0
DA:152,0
DA:155,0
DA:156,0
DA:157,0
DA:160,0
DA:164,0
DA:165,0
DA:173,0
DA:174,0
DA:175,0
DA:177,0
DA:178,0
DA:179,0
DA:182,0
DA:185,0
DA:186,0
DA:187,0
DA:188,0
DA:189,0
DA:192,0
DA:193,0
DA:195,0
DA:196,0
DA:197,0
DA:198,0
DA:200,0
DA:201,0
DA:203,0
DA:204,0
DA:206,0
DA:210,0
DA:211,0
DA:212,0
DA:213,0
DA:214,0
DA:217,0
DA:218,0
DA:219,0
DA:220,0
DA:223,0
DA:224,0
DA:225,0
DA:226,0
DA:230,0
DA:231,0
DA:232,0
DA:234,0
DA:243,0
DA:244,0
DA:246,0
DA:248,0
DA:249,0
DA:250,0
DA:252,0
DA:253,0
DA:257,0
DA:258,0
LF:106
LH:0
BRDA:40,0,0,0
BRDA:40,0,1,0
BRDA:40,1,0,0
BRDA:40,1,1,0
BRDA:45,2,0,0
BRDA:45,2,1,0
BRDA:49,3,0,0
BRDA:49,3,1,0
BRDA:52,4,0,0
BRDA:52,4,1,0
BRDA:57,5,0,0
BRDA:57,5,1,0
BRDA:57,6,0,0
BRDA:57,6,1,0
BRDA:57,6,2,0
BRDA:57,6,3,0
BRDA:57,6,4,0
BRDA:85,7,0,0
BRDA:104,8,0,0
BRDA:104,8,1,0
BRDA:134,9,0,0
BRDA:134,9,1,0
BRDA:139,10,0,0
BRDA:139,10,1,0
BRDA:141,11,0,0
BRDA:141,11,1,0
BRDA:150,12,0,0
BRDA:150,12,1,0
BRDA:177,13,0,0
BRDA:177,13,1,0
BRDA:187,14,0,0
BRDA:187,14,1,0
BRDA:203,15,0,0
BRDA:203,15,1,0
BRDA:212,16,0,0
BRDA:212,16,1,0
BRDA:223,17,0,0
BRDA:223,17,1,0
BRDA:230,18,0,0
BRDA:230,18,1,0
BRDA:244,19,0,0
BRDA:244,19,1,0
BRDA:250,20,0,0
BRDA:250,20,1,0
BRDA:257,21,0,0
BRDA:257,21,1,0
BRF:46
BRH:0
end_of_record
TN:
SF:src/utils/version.js
FN:22,readPackageJson
FN:32,writePackageJson
FN:42,parseVersion
FN:54,formatVersion
FN:58,incrementVersion
FN:73,getCurrentDate
FN:77,updateChangelogForRelease
FN:94,showHelp
FN:114,main
FNF:9
FNH:0
FNDA:0,readPackageJson
FNDA:0,writePackageJson
FNDA:0,parseVersion
FNDA:0,formatVersion
FNDA:0,incrementVersion
FNDA:0,getCurrentDate
FNDA:0,updateChangelogForRelease
FNDA:0,showHelp
FNDA:0,main
DA:16,0
DA:17,0
DA:19,0
DA:20,0
DA:23,0
DA:24,0
DA:25,0
DA:27,0
DA:28,0
DA:33,0
DA:34,0
DA:35,0
DA:37,0
DA:38,0
DA:43,0
DA:44,0
DA:45,0
DA:47,0
DA:55,0
DA:59,0
DA:61,0
DA:63,0
DA:65,0
DA:67,0
DA:69,0
DA:74,0
DA:78,0
DA:79,0
DA:82,0
DA:83,0
DA:84,0
DA:85,0
DA:86,0
DA:87,0
DA:90,0
DA:95,0
DA:115,0
DA:116,0
DA:118,0
DA:119,0
DA:121,0
DA:122,0
DA:123,0
DA:124,0
DA:125,0
DA:126,0
DA:128,0
DA:130,0
DA:133,0
DA:136,0
DA:140,0
DA:141,0
DA:144,0
DA:145,0
DA:146,0
DA:147,0
DA:150,0
DA:151,0
DA:154,0
DA:155,0
DA:156,0
DA:160,0
DA:161,0
DA:164,0
DA:165,0
DA:168,0
DA:169,0
DA:171,0
DA:172,0
DA:173,0
DA:174,0
DA:175,0
DA:176,0
DA:180,0
DA:181,0
DA:185,0
DA:186,0
DA:189,0
LF:78
LH:0
BRDA:44,0,0,0
BRDA:44,0,1,0
BRDA:61,1,0,0
BRDA:61,1,1,0
BRDA:61,1,2,0
BRDA:61,1,3,0
BRDA:83,2,0,0
BRDA:83,2,1,0
BRDA:121,3,0,0
BRDA:121,3,1,0
BRDA:121,4,0,0
BRDA:121,4,1,0
BRDA:122,5,0,0
BRDA:122,5,1,0
BRDA:125,6,0,0
BRDA:125,6,1,0
BRDA:136,7,0,0
BRDA:136,7,1,0
BRDA:136,7,2,0
BRDA:136,7,3,0
BRDA:136,7,4,0
BRDA:145,8,0,0
BRDA:145,8,1,0
BRDA:164,9,0,0
BRDA:164,9,1,0
BRDA:171,10,0,0
BRDA:171,10,1,0
BRDA:173,11,0,0
BRDA:173,11,1,0
BRDA:175,12,0,0
BRDA:175,12,1,0
BRDA:185,13,0,0
BRDA:185,13,1,0
BRF:33
BRH:0
end_of_record
